SF:lib/domain/entities/cycle_entry_entity.dart
DA:19,2
DA:33,1
DA:40,1
DA:41,1
DA:42,1
DA:43,1
DA:44,1
DA:45,1
DA:49,2
DA:52,2
DA:53,6
DA:54,6
DA:55,3
DA:56,3
DA:57,3
DA:58,3
DA:60,2
DA:62,6
DA:63,6
DA:64,6
DA:65,6
DA:66,4
LF:22
LH:22
end_of_record
SF:lib/core/errors/metra_exception.dart
DA:19,6
DA:24,0
DA:28,0
DA:32,2
DA:36,6
DA:40,6
DA:44,6
DA:48,2
LF:8
LH:6
end_of_record
SF:lib/core/utils/result.dart
DA:21,6
DA:26,2
DA:31,6
LF:3
LH:3
end_of_record
SF:lib/data/database/app_database.g.dart
DA:11,0
DA:80,0
DA:81,0
DA:82,0
DA:83,0
DA:84,0
DA:85,0
DA:86,0
DA:87,0
DA:88,0
DA:89,0
DA:90,0
DA:92,0
DA:93,0
DA:94,0
DA:97,0
DA:100,0
DA:101,0
DA:102,0
DA:103,0
DA:104,0
DA:106,0
DA:108,0
DA:109,0
DA:110,0
DA:112,0
DA:113,0
DA:115,0
DA:116,0
DA:118,0
DA:119,0
DA:120,0
DA:122,0
DA:123,0
DA:125,0
DA:126,0
DA:128,0
DA:129,0
DA:131,0
DA:132,0
DA:134,0
DA:135,0
DA:137,0
DA:138,0
DA:140,0
DA:141,0
DA:143,0
DA:144,0
DA:146,0
DA:147,0
DA:148,0
DA:153,0
DA:154,0
DA:155,0
DA:157,0
DA:158,0
DA:159,0
DA:160,0
DA:161,0
DA:162,0
DA:163,0
DA:164,0
DA:165,0
DA:166,0
DA:167,0
DA:168,0
DA:169,0
DA:170,0
DA:171,0
DA:172,0
DA:173,0
DA:174,0
DA:175,0
DA:176,0
DA:180,0
DA:182,0
DA:196,0
DA:206,0
DA:208,0
DA:209,0
DA:210,0
DA:211,0
DA:213,0
DA:214,0
DA:216,0
DA:217,0
DA:218,0
DA:219,0
DA:220,0
DA:222,0
DA:223,0
DA:224,0
DA:229,0
DA:230,0
DA:231,0
DA:232,0
DA:234,0
DA:235,0
DA:237,0
DA:238,0
DA:239,0
DA:240,0
DA:241,0
DA:243,0
DA:244,0
DA:246,0
DA:250,0
DA:252,0
DA:253,0
DA:254,0
DA:255,0
DA:256,0
DA:257,0
DA:258,0
DA:259,0
DA:260,0
DA:261,0
DA:262,0
DA:265,0
DA:267,0
DA:268,0
DA:269,0
DA:270,0
DA:271,0
DA:272,0
DA:273,0
DA:274,0
DA:275,0
DA:276,0
DA:277,0
DA:281,0
DA:291,0
DA:292,0
DA:293,0
DA:295,0
DA:296,0
DA:297,0
DA:298,0
DA:300,0
DA:301,0
DA:302,0
DA:304,0
DA:305,0
DA:306,0
DA:307,0
DA:308,0
DA:309,0
DA:310,0
DA:311,0
DA:312,0
DA:313,0
DA:314,0
DA:316,0
DA:317,0
DA:318,0
DA:319,0
DA:320,0
DA:321,0
DA:322,0
DA:323,0
DA:327,0
DA:329,0
DA:330,0
DA:331,0
DA:332,0
DA:333,0
DA:334,0
DA:335,0
DA:336,0
DA:337,0
DA:338,0
DA:339,0
DA:340,0
DA:343,0
DA:344,0
DA:345,0
DA:346,0
DA:349,0
DA:350,0
DA:351,0
DA:352,0
DA:353,0
DA:354,0
DA:355,0
DA:356,0
DA:357,0
DA:358,0
DA:372,0
DA:384,0
DA:395,0
DA:396,0
DA:408,0
DA:409,0
DA:410,0
DA:411,0
DA:412,0
DA:413,0
DA:414,0
DA:415,0
DA:416,0
DA:417,0
DA:418,0
DA:422,0
DA:433,0
DA:434,0
DA:435,0
DA:436,0
DA:437,0
DA:438,0
DA:439,0
DA:440,0
DA:441,0
DA:442,0
DA:443,0
DA:447,0
DA:449,0
DA:450,0
DA:451,0
DA:453,0
DA:454,0
DA:456,0
DA:457,0
DA:459,0
DA:460,0
DA:462,0
DA:463,0
DA:465,0
DA:466,0
DA:468,0
DA:469,0
DA:471,0
DA:472,0
DA:474,0
DA:475,0
DA:477,0
DA:478,0
DA:483,0
DA:485,0
DA:486,0
DA:487,0
DA:488,0
DA:489,0
DA:490,0
DA:491,0
DA:492,0
DA:493,0
DA:494,0
DA:495,0
DA:496,0
DA:497,0
DA:506,0
DA:537,0
DA:539,0
DA:540,0
DA:541,0
DA:542,0
DA:545,0
DA:548,0
DA:549,0
DA:550,0
DA:551,0
DA:553,0
DA:554,0
DA:556,0
DA:557,0
DA:559,0
DA:561,0
DA:562,0
DA:564,0
DA:565,0
DA:567,0
DA:569,0
DA:570,0
DA:572,0
DA:573,0
DA:578,0
DA:579,0
DA:580,0
DA:582,0
DA:583,0
DA:584,0
DA:585,0
DA:586,0
DA:587,0
DA:588,0
DA:589,0
DA:590,0
DA:591,0
DA:595,0
DA:597,0
DA:606,0
DA:611,0
DA:613,0
DA:614,0
DA:615,0
DA:616,0
DA:617,0
DA:618,0
DA:623,0
DA:624,0
DA:625,0
DA:626,0
DA:627,0
DA:628,0
DA:630,0
DA:634,0
DA:636,0
DA:637,0
DA:638,0
DA:639,0
DA:640,0
DA:641,0
DA:644,0
DA:646,0
DA:647,0
DA:648,0
DA:649,0
DA:650,0
DA:651,0
DA:655,0
DA:660,0
DA:661,0
DA:662,0
DA:663,0
DA:664,0
DA:666,0
DA:667,0
DA:668,0
DA:669,0
DA:670,0
DA:671,0
DA:673,0
DA:675,0
DA:679,0
DA:681,0
DA:682,0
DA:683,0
DA:684,0
DA:685,0
DA:686,0
DA:687,0
DA:690,0
DA:691,0
DA:692,0
DA:695,0
DA:696,0
DA:697,0
DA:698,0
DA:699,0
DA:707,0
DA:713,0
DA:718,0
DA:719,0
DA:720,0
DA:726,0
DA:727,0
DA:728,0
DA:729,0
DA:730,0
DA:734,0
DA:739,0
DA:740,0
DA:741,0
DA:742,0
DA:743,0
DA:747,0
DA:749,0
DA:750,0
DA:751,0
DA:753,0
DA:754,0
DA:756,0
DA:757,0
DA:759,0
DA:760,0
DA:765,0
DA:767,0
DA:768,0
DA:769,0
DA:770,0
DA:771,0
DA:772,0
DA:773,0
DA:782,0
DA:816,0
DA:818,0
DA:819,0
DA:820,0
DA:821,0
DA:824,0
DA:827,0
DA:828,0
DA:829,0
DA:830,0
DA:832,0
DA:833,0
DA:834,0
DA:836,0
DA:838,0
DA:839,0
DA:840,0
DA:842,0
DA:843,0
DA:845,0
DA:846,0
DA:848,0
DA:849,0
DA:851,0
DA:852,0
DA:857,0
DA:858,0
DA:859,0
DA:861,0
DA:862,0
DA:863,0
DA:864,0
DA:865,0
DA:866,0
DA:867,0
DA:868,0
DA:869,0
DA:870,0
DA:871,0
DA:872,0
DA:876,0
DA:878,0
DA:888,0
DA:894,0
DA:896,0
DA:897,0
DA:898,0
DA:899,0
DA:900,0
DA:902,0
DA:903,0
DA:905,0
DA:906,0
DA:911,0
DA:912,0
DA:913,0
DA:914,0
DA:915,0
DA:917,0
DA:918,0
DA:920,0
DA:921,0
DA:923,0
DA:927,0
DA:929,0
DA:930,0
DA:931,0
DA:932,0
DA:933,0
DA:934,0
DA:935,0
DA:938,0
DA:940,0
DA:941,0
DA:942,0
DA:943,0
DA:944,0
DA:945,0
DA:946,0
DA:950,0
DA:956,0
DA:957,0
DA:958,0
DA:959,0
DA:960,0
DA:962,0
DA:964,0
DA:965,0
DA:966,0
DA:967,0
DA:968,0
DA:970,0
DA:971,0
DA:972,0
DA:973,0
DA:977,0
DA:979,0
DA:980,0
DA:981,0
DA:982,0
DA:983,0
DA:984,0
DA:985,0
DA:986,0
DA:989,0
DA:991,0
DA:992,0
DA:995,0
DA:996,0
DA:997,0
DA:998,0
DA:999,0
DA:1000,0
DA:1009,0
DA:1016,0
DA:1022,0
DA:1023,0
DA:1030,0
DA:1031,0
DA:1032,0
DA:1033,0
DA:1034,0
DA:1035,0
DA:1039,0
DA:1045,0
DA:1046,0
DA:1047,0
DA:1048,0
DA:1049,0
DA:1050,0
DA:1054,0
DA:1056,0
DA:1057,0
DA:1058,0
DA:1060,0
DA:1061,0
DA:1063,0
DA:1064,0
DA:1066,0
DA:1067,0
DA:1069,0
DA:1070,0
DA:1075,0
DA:1077,0
DA:1078,0
DA:1079,0
DA:1080,0
DA:1081,0
DA:1082,0
DA:1083,0
DA:1084,0
DA:1093,0
DA:1118,0
DA:1119,0
DA:1120,0
DA:1121,0
DA:1122,0
DA:1125,0
DA:1128,0
DA:1129,0
DA:1130,0
DA:1131,0
DA:1133,0
DA:1134,0
DA:1135,0
DA:1137,0
DA:1139,0
DA:1140,0
DA:1141,0
DA:1146,0
DA:1147,0
DA:1148,0
DA:1150,0
DA:1151,0
DA:1152,0
DA:1153,0
DA:1154,0
DA:1155,0
DA:1156,0
DA:1157,0
DA:1161,0
DA:1163,0
DA:1171,0
DA:1173,0
DA:1175,0
DA:1176,0
DA:1177,0
DA:1178,0
DA:1182,0
DA:1183,0
DA:1184,0
DA:1185,0
DA:1186,0
DA:1190,0
DA:1192,0
DA:1193,0
DA:1194,0
DA:1195,0
DA:1196,0
DA:1199,0
DA:1201,0
DA:1202,0
DA:1203,0
DA:1204,0
DA:1205,0
DA:1209,0
DA:1210,0
DA:1211,0
DA:1212,0
DA:1213,0
DA:1215,0
DA:1216,0
DA:1217,0
DA:1218,0
DA:1219,0
DA:1223,0
DA:1225,0
DA:1226,0
DA:1227,0
DA:1228,0
DA:1229,0
DA:1230,0
DA:1233,0
DA:1234,0
DA:1235,0
DA:1238,0
DA:1239,0
DA:1240,0
DA:1241,0
DA:1248,0
DA:1253,0
DA:1257,0
DA:1258,0
DA:1263,0
DA:1264,0
DA:1265,0
DA:1266,0
DA:1270,0
DA:1272,0
DA:1273,0
DA:1274,0
DA:1275,0
DA:1279,0
DA:1281,0
DA:1282,0
DA:1283,0
DA:1285,0
DA:1286,0
DA:1288,0
DA:1289,0
DA:1294,0
DA:1296,0
DA:1297,0
DA:1298,0
DA:1299,0
DA:1300,0
DA:1301,0
DA:1310,0
DA:1403,0
DA:1404,0
DA:1405,0
DA:1406,0
DA:1407,0
DA:1408,0
DA:1409,0
DA:1410,0
DA:1411,0
DA:1412,0
DA:1413,0
DA:1414,0
DA:1415,0
DA:1417,0
DA:1418,0
DA:1419,0
DA:1422,0
DA:1425,0
DA:1426,0
DA:1427,0
DA:1428,0
DA:1430,0
DA:1431,0
DA:1433,0
DA:1434,0
DA:1436,0
DA:1437,0
DA:1438,0
DA:1440,0
DA:1441,0
DA:1443,0
DA:1444,0
DA:1446,0
DA:1447,0
DA:1449,0
DA:1450,0
DA:1452,0
DA:1453,0
DA:1455,0
DA:1456,0
DA:1458,0
DA:1459,0
DA:1461,0
DA:1462,0
DA:1464,0
DA:1465,0
DA:1467,0
DA:1468,0
DA:1470,0
DA:1471,0
DA:1473,0
DA:1474,0
DA:1476,0
DA:1477,0
DA:1479,0
DA:1480,0
DA:1482,0
DA:1483,0
DA:1485,0
DA:1486,0
DA:1491,0
DA:1492,0
DA:1493,0
DA:1495,0
DA:1496,0
DA:1497,0
DA:1498,0
DA:1499,0
DA:1500,0
DA:1501,0
DA:1502,0
DA:1503,0
DA:1504,0
DA:1505,0
DA:1506,0
DA:1507,0
DA:1509,0
DA:1510,0
DA:1511,0
DA:1512,0
DA:1513,0
DA:1514,0
DA:1515,0
DA:1516,0
DA:1517,0
DA:1518,0
DA:1519,0
DA:1523,0
DA:1525,0
DA:1547,0
DA:1559,0
DA:1561,0
DA:1562,0
DA:1563,0
DA:1564,0
DA:1565,0
DA:1567,0
DA:1568,0
DA:1569,0
DA:1570,0
DA:1571,0
DA:1572,0
DA:1574,0
DA:1575,0
DA:1577,0
DA:1578,0
DA:1579,0
DA:1584,0
DA:1585,0
DA:1586,0
DA:1587,0
DA:1588,0
DA:1590,0
DA:1591,0
DA:1592,0
DA:1593,0
DA:1594,0
DA:1595,0
DA:1597,0
DA:1598,0
DA:1600,0
DA:1601,0
DA:1602,0
DA:1604,0
DA:1608,0
DA:1610,0
DA:1611,0
DA:1612,0
DA:1613,0
DA:1614,0
DA:1615,0
DA:1616,0
DA:1618,0
DA:1620,0
DA:1621,0
DA:1622,0
DA:1624,0
DA:1626,0
DA:1629,0
DA:1631,0
DA:1632,0
DA:1633,0
DA:1634,0
DA:1635,0
DA:1636,0
DA:1637,0
DA:1638,0
DA:1639,0
DA:1640,0
DA:1641,0
DA:1642,0
DA:1643,0
DA:1647,0
DA:1659,0
DA:1660,0
DA:1661,0
DA:1662,0
DA:1663,0
DA:1664,0
DA:1666,0
DA:1667,0
DA:1669,0
DA:1671,0
DA:1672,0
DA:1673,0
DA:1674,0
DA:1675,0
DA:1677,0
DA:1678,0
DA:1679,0
DA:1680,0
DA:1681,0
DA:1682,0
DA:1683,0
DA:1685,0
DA:1686,0
DA:1687,0
DA:1688,0
DA:1689,0
DA:1690,0
DA:1691,0
DA:1692,0
DA:1693,0
DA:1694,0
DA:1695,0
DA:1696,0
DA:1697,0
DA:1698,0
DA:1699,0
DA:1700,0
DA:1701,0
DA:1702,0
DA:1703,0
DA:1704,0
DA:1705,0
DA:1706,0
DA:1710,0
DA:1712,0
DA:1713,0
DA:1714,0
DA:1715,0
DA:1716,0
DA:1717,0
DA:1718,0
DA:1719,0
DA:1720,0
DA:1721,0
DA:1722,0
DA:1723,0
DA:1724,0
DA:1725,0
DA:1728,0
DA:1729,0
DA:1730,0
DA:1731,0
DA:1732,0
DA:1733,0
DA:1734,0
DA:1735,0
DA:1736,0
DA:1737,0
DA:1738,0
DA:1739,0
DA:1740,0
DA:1741,0
DA:1744,0
DA:1745,0
DA:1746,0
DA:1747,0
DA:1748,0
DA:1749,0
DA:1750,0
DA:1751,0
DA:1752,0
DA:1753,0
DA:1754,0
DA:1755,0
DA:1770,6
DA:1783,0
DA:1796,0
DA:1809,0
DA:1810,0
DA:1811,0
DA:1812,0
DA:1813,0
DA:1814,0
DA:1816,0
DA:1818,0
DA:1819,0
DA:1820,0
DA:1822,0
DA:1824,0
DA:1828,0
DA:1840,0
DA:1841,0
DA:1842,0
DA:1843,0
DA:1844,0
DA:1845,0
DA:1847,0
DA:1848,0
DA:1849,0
DA:1850,0
DA:1851,0
DA:1852,0
DA:1856,0
DA:1858,0
DA:1859,0
DA:1860,0
DA:1862,0
DA:1863,0
DA:1865,0
DA:1866,0
DA:1868,0
DA:1869,0
DA:1871,0
DA:1872,0
DA:1874,0
DA:1875,0
DA:1876,0
DA:1878,0
DA:1879,0
DA:1881,0
DA:1882,0
DA:1884,0
DA:1885,0
DA:1887,0
DA:1888,0
DA:1890,0
DA:1891,0
DA:1896,0
DA:1898,0
DA:1899,0
DA:1900,0
DA:1901,0
DA:1902,0
DA:1903,0
DA:1904,0
DA:1905,0
DA:1906,0
DA:1907,0
DA:1908,0
DA:1909,0
DA:1910,0
DA:1911,0
DA:1919,0
DA:1962,0
DA:1964,0
DA:1965,0
DA:1966,0
DA:1967,0
DA:1970,0
DA:1973,0
DA:1974,0
DA:1975,0
DA:1976,0
DA:1978,0
DA:1979,0
DA:1980,0
DA:1982,0
DA:1984,0
DA:1985,0
DA:1986,0
DA:1988,0
DA:1990,0
DA:1991,0
DA:1992,0
DA:1994,0
DA:1996,0
DA:1997,0
DA:1998,0
DA:2000,0
DA:2002,0
DA:2003,0
DA:2005,0
DA:2006,0
DA:2011,0
DA:2012,0
DA:2013,0
DA:2015,0
DA:2016,0
DA:2017,0
DA:2018,0
DA:2019,0
DA:2020,0
DA:2021,0
DA:2022,0
DA:2023,0
DA:2024,0
DA:2025,0
DA:2026,0
DA:2027,0
DA:2028,0
DA:2032,0
DA:2034,0
DA:2045,0
DA:2052,0
DA:2054,0
DA:2055,0
DA:2056,0
DA:2057,0
DA:2058,0
DA:2059,0
DA:2060,0
DA:2061,0
DA:2066,0
DA:2067,0
DA:2068,0
DA:2069,0
DA:2070,0
DA:2071,0
DA:2072,0
DA:2073,0
DA:2075,0
DA:2079,0
DA:2081,0
DA:2082,0
DA:2083,0
DA:2084,0
DA:2085,0
DA:2086,0
DA:2087,0
DA:2088,0
DA:2091,0
DA:2093,0
DA:2094,0
DA:2095,0
DA:2096,0
DA:2097,0
DA:2098,0
DA:2099,0
DA:2100,0
DA:2104,0
DA:2111,0
DA:2112,0
DA:2113,0
DA:2114,0
DA:2115,0
DA:2116,0
DA:2118,0
DA:2120,0
DA:2121,0
DA:2122,0
DA:2123,0
DA:2124,0
DA:2125,0
DA:2126,0
DA:2127,0
DA:2128,0
DA:2129,0
DA:2133,0
DA:2135,0
DA:2136,0
DA:2137,0
DA:2138,0
DA:2139,0
DA:2140,0
DA:2141,0
DA:2142,0
DA:2143,0
DA:2146,0
DA:2148,0
DA:2149,0
DA:2152,0
DA:2153,0
DA:2154,0
DA:2155,0
DA:2156,0
DA:2157,0
DA:2158,0
DA:2168,0
DA:2176,0
DA:2183,0
DA:2184,0
DA:2185,0
DA:2186,0
DA:2187,0
DA:2195,0
DA:2196,0
DA:2197,0
DA:2198,0
DA:2199,0
DA:2200,0
DA:2201,0
DA:2205,0
DA:2212,0
DA:2213,0
DA:2214,0
DA:2215,0
DA:2216,0
DA:2217,0
DA:2218,0
DA:2222,0
DA:2224,0
DA:2225,0
DA:2226,0
DA:2228,0
DA:2229,0
DA:2231,0
DA:2232,0
DA:2234,0
DA:2235,0
DA:2237,0
DA:2238,0
DA:2240,0
DA:2241,0
DA:2246,0
DA:2248,0
DA:2249,0
DA:2250,0
DA:2251,0
DA:2252,0
DA:2253,0
DA:2254,0
DA:2255,0
DA:2256,0
DA:2261,0
DA:2262,0
DA:2275,0
DA:2277,0
DA:2278,0
DA:2279,0
DA:2280,0
DA:2281,0
DA:2282,0
DA:2283,0
DA:2284,0
DA:2285,0
DA:2287,0
DA:2328,0
DA:2330,0
DA:2332,0
DA:2333,0
DA:2334,0
DA:2336,0
DA:2337,0
DA:2338,0
DA:2339,0
DA:2341,0
DA:2342,0
DA:2343,0
DA:2349,0
DA:2356,0
DA:2357,0
DA:2359,0
DA:2360,0
DA:2362,0
DA:2363,0
DA:2365,0
DA:2366,0
DA:2368,0
DA:2369,0
DA:2370,0
DA:2372,0
DA:2373,0
DA:2375,0
DA:2376,0
DA:2378,0
DA:2379,0
DA:2381,0
DA:2382,0
DA:2384,0
DA:2386,0
DA:2388,0
DA:2389,0
DA:2390,0
DA:2391,0
DA:2394,0
DA:2395,0
DA:2396,0
DA:2402,0
DA:2408,0
DA:2415,0
DA:2416,0
DA:2418,0
DA:2419,0
DA:2421,0
DA:2422,0
DA:2423,0
DA:2425,0
DA:2426,0
DA:2428,0
DA:2429,0
DA:2430,0
DA:2432,0
DA:2433,0
DA:2435,0
DA:2436,0
DA:2437,0
DA:2439,0
DA:2440,0
DA:2441,0
DA:2443,0
DA:2444,0
DA:2449,0
DA:2456,0
DA:2457,0
DA:2459,0
DA:2460,0
DA:2462,0
DA:2463,0
DA:2465,0
DA:2466,0
DA:2468,0
DA:2469,0
DA:2471,0
DA:2472,0
DA:2474,0
DA:2475,0
DA:2477,0
DA:2478,0
DA:2480,0
DA:2481,0
DA:2483,0
DA:2485,0
DA:2487,0
DA:2488,0
DA:2489,0
DA:2490,0
DA:2493,0
DA:2494,0
DA:2495,0
DA:2501,0
DA:2517,0
DA:2518,0
DA:2521,0
DA:2522,0
DA:2523,0
DA:2524,0
DA:2525,0
DA:2526,0
DA:2527,0
DA:2539,0
DA:2551,0
DA:2563,0
DA:2575,0
DA:2576,0
DA:2577,0
DA:2578,0
DA:2580,0
DA:2581,0
DA:2582,0
DA:2584,0
DA:2586,0
DA:2587,0
DA:2589,0
DA:2593,0
DA:2594,0
DA:2595,0
DA:2596,0
DA:2598,0
DA:2599,0
DA:2637,0
DA:2639,0
DA:2640,0
DA:2641,0
DA:2643,0
DA:2644,0
DA:2646,0
DA:2647,0
DA:2648,0
DA:2650,0
DA:2651,0
DA:2657,0
DA:2664,0
DA:2665,0
DA:2667,0
DA:2668,0
DA:2670,0
DA:2671,0
DA:2673,0
DA:2674,0
DA:2676,0
DA:2677,0
DA:2678,0
DA:2679,0
DA:2682,0
DA:2683,0
DA:2684,0
DA:2696,0
DA:2703,0
DA:2704,0
DA:2706,0
DA:2707,0
DA:2709,0
DA:2710,0
DA:2712,0
DA:2713,0
DA:2715,0
DA:2716,0
DA:2717,0
DA:2718,0
DA:2721,0
DA:2722,0
DA:2723,0
DA:2735,0
DA:2742,0
DA:2743,0
DA:2745,0
DA:2746,0
DA:2748,0
DA:2749,0
DA:2751,0
DA:2752,0
DA:2754,0
DA:2755,0
DA:2756,0
DA:2757,0
DA:2760,0
DA:2761,0
DA:2762,0
DA:2784,0
DA:2785,0
DA:2788,0
DA:2789,0
DA:2790,0
DA:2791,0
DA:2792,0
DA:2793,0
DA:2794,0
DA:2800,0
DA:2806,0
DA:2812,0
DA:2818,0
DA:2819,0
DA:2820,0
DA:2821,0
DA:2823,0
DA:2824,0
DA:2825,0
DA:2827,0
DA:2840,0
DA:2842,0
DA:2844,0
DA:2846,0
DA:2848,0
DA:2849,0
DA:2855,0
DA:2856,0
DA:2894,0
DA:2901,0
DA:2902,0
DA:2904,0
DA:2905,0
DA:2907,0
DA:2908,0
DA:2910,0
DA:2911,0
DA:2913,0
DA:2914,0
DA:2919,0
DA:2926,0
DA:2927,0
DA:2929,0
DA:2930,0
DA:2932,0
DA:2933,0
DA:2935,0
DA:2936,0
DA:2938,0
DA:2939,0
DA:2940,0
DA:2945,0
DA:2952,0
DA:2953,0
DA:2955,0
DA:2956,0
DA:2958,0
DA:2959,0
DA:2961,0
DA:2962,0
DA:2964,0
DA:2965,0
DA:2980,0
DA:2981,0
DA:2984,0
DA:2985,0
DA:2986,0
DA:2987,0
DA:2988,0
DA:2989,0
DA:2990,0
DA:2997,0
DA:3004,0
DA:3011,0
DA:3018,0
DA:3019,0
DA:3020,0
DA:3052,0
DA:3059,0
DA:3060,0
DA:3062,0
DA:3063,0
DA:3065,0
DA:3066,0
DA:3071,0
DA:3078,0
DA:3079,0
DA:3081,0
DA:3082,0
DA:3084,0
DA:3085,0
DA:3090,0
DA:3097,0
DA:3098,0
DA:3100,0
DA:3101,0
DA:3103,0
DA:3104,0
DA:3122,0
DA:3124,0
DA:3127,0
DA:3128,0
DA:3129,0
DA:3130,0
DA:3131,0
DA:3132,0
DA:3133,0
DA:3138,0
DA:3143,0
DA:3148,0
DA:3153,0
DA:3154,0
DA:3155,0
DA:3206,0
DA:3213,0
DA:3214,0
DA:3216,0
DA:3217,0
DA:3219,0
DA:3220,0
DA:3222,0
DA:3223,0
DA:3225,0
DA:3226,0
DA:3228,0
DA:3229,0
DA:3230,0
DA:3232,0
DA:3233,0
DA:3234,0
DA:3236,0
DA:3237,0
DA:3239,0
DA:3240,0
DA:3242,0
DA:3243,0
DA:3244,0
DA:3246,0
DA:3247,0
DA:3248,0
DA:3253,0
DA:3260,0
DA:3261,0
DA:3263,0
DA:3264,0
DA:3265,0
DA:3267,0
DA:3268,0
DA:3270,0
DA:3271,0
DA:3273,0
DA:3274,0
DA:3275,0
DA:3277,0
DA:3278,0
DA:3279,0
DA:3281,0
DA:3282,0
DA:3283,0
DA:3285,0
DA:3286,0
DA:3287,0
DA:3289,0
DA:3290,0
DA:3291,0
DA:3293,0
DA:3294,0
DA:3295,0
DA:3297,0
DA:3298,0
DA:3299,0
DA:3304,0
DA:3311,0
DA:3312,0
DA:3314,0
DA:3315,0
DA:3317,0
DA:3318,0
DA:3320,0
DA:3321,0
DA:3323,0
DA:3324,0
DA:3326,0
DA:3327,0
DA:3329,0
DA:3330,0
DA:3332,0
DA:3333,0
DA:3335,0
DA:3336,0
DA:3338,0
DA:3339,0
DA:3341,0
DA:3342,0
DA:3357,0
DA:3358,0
DA:3361,0
DA:3362,0
DA:3363,0
DA:3364,0
DA:3365,0
DA:3366,0
DA:3367,0
DA:3380,0
DA:3393,0
DA:3406,0
DA:3419,0
DA:3420,0
DA:3421,0
DA:3457,0
DA:3464,0
DA:3465,0
DA:3467,0
DA:3468,0
DA:3470,0
DA:3471,0
DA:3473,0
DA:3474,0
DA:3476,0
DA:3477,0
DA:3479,0
DA:3480,0
DA:3485,0
DA:3492,0
DA:3493,0
DA:3495,0
DA:3496,0
DA:3498,0
DA:3499,0
DA:3501,0
DA:3502,0
DA:3504,0
DA:3505,0
DA:3507,0
DA:3508,0
DA:3509,0
DA:3514,0
DA:3521,0
DA:3522,0
DA:3524,0
DA:3525,0
DA:3527,0
DA:3528,0
DA:3530,0
DA:3531,0
DA:3533,0
DA:3534,0
DA:3536,0
DA:3537,0
DA:3552,0
DA:3553,0
DA:3556,0
DA:3557,0
DA:3558,0
DA:3559,0
DA:3560,0
DA:3561,0
DA:3562,0
DA:3570,0
DA:3578,0
DA:3586,0
DA:3594,0
DA:3595,0
DA:3596,0
DA:3616,0
DA:3617,0
DA:3618,0
DA:3619,0
DA:3620,0
DA:3621,0
DA:3622,0
DA:3623,0
DA:3624,0
DA:3625,0
DA:3626,0
DA:3627,0
DA:3628,0
LF:1590
LH:1
end_of_record
SF:lib/data/database/app_database.dart
DA:44,0
DA:45,0
DA:46,0
DA:47,0
DA:48,0
DA:49,0
DA:50,0
DA:51,0
DA:52,0
DA:53,0
DA:55,0
DA:56,0
DA:62,0
DA:63,0
DA:64,0
DA:65,0
DA:66,0
DA:72,0
DA:73,0
DA:74,0
DA:75,0
DA:76,0
DA:81,0
DA:82,0
DA:83,0
DA:88,0
DA:89,0
DA:90,0
DA:91,0
DA:92,0
DA:93,0
DA:94,0
DA:95,0
DA:96,0
DA:97,0
DA:98,0
DA:99,0
DA:100,0
DA:107,0
DA:113,0
DA:114,0
DA:115,0
DA:116,0
DA:117,0
DA:118,0
DA:119,0
DA:138,0
DA:140,0
DA:143,0
DA:144,0
DA:145,0
DA:146,0
DA:147,0
DA:148,0
DA:149,0
DA:151,0
DA:152,0
DA:153,0
DA:154,0
DA:157,0
DA:175,0
DA:178,0
DA:185,0
DA:192,0
DA:198,0
DA:201,0
DA:202,0
DA:203,0
DA:206,0
DA:218,0
DA:223,0
DA:228,0
DA:242,0
DA:243,0
DA:251,0
DA:252,0
DA:253,0
DA:257,0
DA:258,0
DA:259,0
DA:264,0
DA:265,0
DA:267,0
DA:269,0
DA:272,0
DA:273,0
DA:274,0
DA:275,0
DA:281,0
LF:89
LH:0
end_of_record
SF:lib/data/database/daos/app_settings_dao.dart
DA:27,0
DA:30,0
DA:31,0
DA:36,0
DA:37,0
DA:38,0
DA:39,0
DA:41,0
DA:44,0
DA:48,0
DA:49,0
LF:11
LH:0
end_of_record
SF:lib/data/database/daos/app_settings_dao.g.dart
DA:7,0
LF:1
LH:0
end_of_record
SF:lib/data/database/daos/cycle_entry_dao.g.dart
DA:7,0
LF:1
LH:0
end_of_record
SF:lib/data/database/daos/cycle_entry_dao.dart
DA:27,0
DA:29,0
DA:30,0
DA:31,0
DA:33,0
DA:34,0
DA:35,0
DA:36,0
DA:38,0
DA:39,0
DA:41,0
DA:42,0
DA:43,0
DA:45,0
DA:46,0
DA:48,0
DA:50,0
DA:51,0
DA:52,0
DA:53,0
DA:54,0
LF:21
LH:0
end_of_record
SF:lib/data/database/daos/daily_log_dao.g.dart
DA:7,0
DA:8,0
LF:2
LH:0
end_of_record
SF:lib/data/database/daos/daily_log_dao.dart
DA:27,0
DA:31,0
DA:32,0
DA:35,0
DA:36,0
DA:37,0
DA:39,0
DA:42,0
DA:43,0
DA:44,0
DA:46,0
DA:47,0
DA:49,0
DA:50,0
DA:51,0
DA:52,0
DA:53,0
DA:54,0
DA:56,0
DA:57,0
DA:60,0
DA:61,0
DA:63,0
DA:64,0
DA:65,0
DA:66,0
DA:70,0
DA:71,0
DA:72,0
DA:73,0
DA:74,0
DA:75,0
DA:76,0
DA:77,0
DA:79,0
DA:80,0
DA:85,0
DA:86,0
DA:87,0
DA:88,0
DA:89,0
DA:90,0
DA:91,0
DA:92,0
DA:94,0
DA:95,0
DA:98,0
DA:99,0
DA:100,0
DA:101,0
DA:103,0
DA:107,0
DA:108,0
DA:109,0
DA:110,0
DA:111,0
DA:114,0
DA:115,0
DA:117,0
LF:59
LH:0
end_of_record
SF:lib/data/database/daos/sync_log_dao.g.dart
DA:7,0
LF:1
LH:0
end_of_record
SF:lib/data/database/daos/sync_log_dao.dart
DA:26,0
DA:28,0
DA:29,0
DA:31,0
DA:32,0
DA:33,0
DA:34,0
DA:36,0
LF:8
LH:0
end_of_record
SF:lib/data/repositories/drift_app_settings_repository.dart
DA:26,0
DA:32,0
DA:33,0
DA:34,0
DA:35,0
DA:36,0
DA:37,0
DA:38,0
DA:39,0
DA:40,0
DA:41,0
DA:42,0
DA:45,0
DA:46,0
DA:47,0
DA:48,0
DA:49,0
DA:50,0
DA:51,0
DA:52,0
DA:57,0
DA:59,0
DA:61,0
DA:63,0
DA:64,0
DA:67,0
DA:69,0
DA:71,0
DA:72,0
DA:76,0
DA:81,0
DA:82,0
DA:85,0
DA:86,0
DA:90,0
DA:91,0
DA:92,0
LF:37
LH:0
end_of_record
SF:lib/domain/entities/app_settings_data.dart
DA:19,3
DA:60,1
DA:71,1
DA:72,1
DA:73,1
DA:74,1
DA:75,1
DA:77,1
DA:78,1
DA:79,1
DA:80,1
DA:81,1
DA:85,1
DA:89,1
DA:92,1
DA:93,3
DA:94,3
DA:95,3
DA:96,3
DA:97,3
DA:98,3
DA:99,3
DA:100,3
DA:101,3
DA:102,3
DA:103,3
DA:105,1
DA:107,3
DA:108,3
DA:109,3
DA:110,3
DA:111,3
DA:112,3
DA:113,3
DA:114,3
DA:115,3
DA:116,2
DA:120,2
DA:121,2
LF:39
LH:39
end_of_record
SF:lib/data/repositories/drift_cycle_entry_repository.dart
DA:26,0
DA:32,0
DA:33,0
DA:34,0
DA:35,0
DA:36,0
DA:37,0
DA:40,0
DA:41,0
DA:42,0
DA:43,0
DA:44,0
DA:45,0
DA:48,0
DA:49,0
DA:50,0
DA:51,0
DA:52,0
DA:53,0
DA:54,0
DA:59,0
DA:61,0
DA:62,0
DA:65,0
DA:67,0
DA:68,0
DA:71,0
DA:73,0
DA:74,0
DA:77,0
DA:79,0
DA:81,0
DA:82,0
DA:84,0
DA:86,0
DA:88,0
DA:89,0
LF:37
LH:0
end_of_record
SF:lib/data/repositories/drift_daily_log_repository.dart
DA:32,0
DA:38,0
DA:39,0
DA:41,0
DA:46,0
DA:48,0
DA:53,0
DA:54,0
DA:58,0
DA:61,0
DA:66,0
DA:71,0
DA:75,0
DA:76,0
DA:79,0
DA:80,0
DA:81,0
DA:82,0
DA:83,0
DA:87,0
DA:89,0
DA:90,0
DA:92,0
DA:93,0
DA:94,0
DA:95,0
DA:98,0
DA:99,0
DA:100,0
DA:101,0
DA:102,0
DA:103,0
DA:107,0
DA:108,0
DA:109,0
DA:114,0
DA:115,0
DA:116,0
DA:120,0
DA:124,0
DA:125,0
DA:126,0
DA:127,0
DA:133,0
DA:135,0
DA:137,0
DA:139,0
DA:140,0
DA:143,0
DA:145,0
DA:146,0
DA:149,0
DA:151,0
DA:153,0
DA:154,0
DA:156,0
DA:158,0
DA:159,0
DA:162,0
DA:164,0
DA:166,0
DA:168,0
DA:170,0
DA:175,0
DA:177,0
DA:180,0
DA:181,0
DA:183,0
DA:188,0
DA:190,0
DA:191,0
DA:192,0
DA:194,0
DA:195,0
DA:196,0
DA:197,0
DA:198,0
DA:199,0
DA:204,0
DA:206,0
DA:207,0
DA:208,0
DA:209,0
DA:210,0
DA:211,0
LF:85
LH:0
end_of_record
SF:lib/domain/entities/daily_log_entity.dart
DA:22,2
DA:53,3
DA:55,1
DA:69,1
DA:70,1
DA:71,1
DA:73,1
DA:74,1
DA:75,1
DA:77,1
DA:78,1
DA:79,1
DA:83,1
DA:86,1
DA:87,3
DA:88,3
DA:89,3
DA:90,3
DA:91,3
DA:92,3
DA:93,3
DA:94,3
DA:95,3
DA:97,1
DA:99,3
DA:100,3
DA:101,3
DA:102,3
DA:103,3
DA:104,3
DA:105,3
DA:106,2
LF:32
LH:32
end_of_record
SF:lib/domain/entities/daily_log_with_symptoms.dart
DA:10,1
LF:1
LH:1
end_of_record
SF:lib/domain/entities/pain_symptom_data.dart
DA:21,6
DA:29,0
DA:33,0
DA:34,0
DA:35,0
DA:39,1
DA:42,1
DA:43,3
DA:44,3
DA:45,0
DA:47,1
DA:48,5
LF:12
LH:7
end_of_record
SF:lib/data/repositories/drift_sync_log_repository.dart
DA:26,0
DA:34,0
DA:35,0
DA:38,0
DA:39,0
DA:40,0
DA:43,0
DA:44,0
DA:45,0
DA:48,0
DA:49,0
DA:50,0
DA:51,0
DA:59,0
DA:61,0
DA:62,0
DA:63,0
DA:66,0
DA:67,0
DA:70,0
DA:71,0
DA:79,0
DA:80,0
DA:81,0
DA:82,0
DA:83,0
DA:84,0
DA:85,0
DA:88,0
DA:89,0
DA:90,0
DA:91,0
DA:92,0
DA:93,0
DA:94,0
DA:99,0
DA:101,0
DA:103,0
DA:105,0
DA:106,0
DA:109,0
DA:110,0
LF:42
LH:0
end_of_record
SF:lib/domain/entities/sync_log_entity.dart
DA:24,1
DA:40,1
DA:43,1
DA:44,3
DA:45,3
DA:46,3
DA:47,3
DA:48,3
DA:49,3
DA:50,3
DA:52,1
DA:54,7
DA:56,1
DA:64,1
DA:65,1
DA:66,1
DA:67,1
DA:68,1
DA:69,1
DA:70,1
LF:20
LH:20
end_of_record
SF:lib/data/services/encryption_service.dart
DA:34,0
DA:41,0
DA:45,0
DA:49,0
DA:50,0
DA:51,0
DA:53,0
DA:54,0
DA:60,0
DA:61,0
DA:62,0
DA:63,0
DA:64,0
DA:65,0
DA:70,0
DA:71,0
DA:75,0
DA:76,0
DA:77,0
DA:78,0
DA:79,0
DA:81,0
DA:83,0
DA:84,0
DA:85,0
DA:86,0
DA:93,0
DA:94,0
DA:96,0
DA:97,0
LF:30
LH:0
end_of_record
SF:lib/data/services/key_management_service.dart
DA:26,0
DA:30,0
DA:31,0
DA:32,0
DA:34,0
DA:35,0
DA:39,0
DA:40,0
DA:44,0
DA:46,0
DA:47,0
DA:48,0
DA:49,0
LF:13
LH:0
end_of_record
SF:lib/data/services/notification_service.dart
DA:48,0
DA:50,0
DA:52,0
DA:53,0
DA:54,0
DA:57,0
DA:71,0
DA:79,0
DA:80,0
DA:82,0
DA:85,0
DA:92,0
DA:93,0
DA:94,0
DA:95,0
DA:96,0
DA:102,0
DA:117,0
DA:130,0
DA:137,0
DA:139,0
DA:142,0
DA:150,0
DA:153,0
LF:24
LH:0
end_of_record
SF:lib/domain/entities/cycle_prediction.dart
DA:23,0
DA:43,0
DA:44,0
DA:46,0
DA:49,0
DA:50,0
DA:51,0
DA:52,0
DA:53,0
DA:55,0
DA:57,0
LF:11
LH:0
end_of_record
SF:lib/domain/entities/cycle_stats_data.dart
DA:24,0
DA:49,0
LF:2
LH:0
end_of_record
SF:lib/domain/entities/cycle_summary.dart
DA:24,1
DA:46,1
DA:49,1
DA:50,3
DA:51,3
DA:52,3
DA:53,3
DA:54,3
DA:56,1
DA:58,3
DA:59,3
DA:60,3
DA:61,2
DA:63,1
DA:65,3
DA:66,3
DA:67,3
LF:17
LH:17
end_of_record
SF:lib/domain/services/csv_codec.dart
DA:27,0
DA:42,0
DA:56,6
DA:79,6
DA:83,0
DA:84,0
DA:86,0
DA:87,0
DA:88,0
DA:89,0
DA:90,0
DA:91,0
DA:92,0
DA:93,0
DA:94,0
DA:97,0
DA:100,0
DA:101,0
DA:102,0
DA:104,0
DA:105,0
DA:106,0
DA:107,0
DA:108,0
DA:110,0
DA:111,0
DA:116,0
DA:118,0
DA:119,0
DA:128,0
DA:133,0
DA:138,0
DA:142,0
DA:143,0
DA:144,0
DA:145,0
DA:146,0
DA:147,0
DA:148,0
DA:149,0
DA:150,0
DA:153,0
DA:158,0
DA:163,0
DA:164,0
DA:166,0
DA:167,0
DA:168,0
DA:169,0
DA:172,0
DA:173,0
DA:175,0
DA:176,0
DA:177,0
DA:182,0
DA:185,0
DA:186,0
DA:187,0
DA:188,0
DA:197,0
DA:200,0
DA:201,0
DA:204,0
DA:205,0
DA:221,0
DA:222,0
DA:223,0
DA:224,0
DA:233,0
DA:234,0
DA:235,0
DA:236,0
DA:240,0
DA:245,0
DA:249,0
DA:250,0
DA:251,0
DA:252,0
DA:254,0
DA:255,0
DA:256,0
DA:257,0
DA:262,0
DA:267,0
DA:273,0
DA:274,0
DA:275,0
DA:276,0
DA:277,0
DA:288,0
DA:290,0
DA:291,0
DA:292,0
DA:293,0
DA:294,0
DA:307,0
DA:309,0
DA:314,0
DA:318,0
DA:319,0
DA:333,0
DA:334,0
DA:335,0
DA:336,0
DA:337,0
DA:338,0
DA:354,0
DA:355,0
DA:356,0
DA:357,0
DA:358,0
DA:359,0
DA:360,0
DA:361,0
DA:362,0
DA:364,0
DA:367,0
DA:371,0
DA:380,0
DA:381,0
DA:387,0
DA:393,0
DA:394,0
DA:401,0
DA:402,0
DA:403,0
DA:417,0
LF:127
LH:2
end_of_record
SF:lib/domain/services/cycle_prediction_service.dart
DA:27,6
DA:35,0
DA:40,0
DA:41,0
DA:45,0
DA:46,0
DA:48,0
DA:49,0
DA:54,0
DA:55,0
DA:56,0
DA:57,0
DA:60,0
DA:61,0
DA:62,0
DA:64,0
DA:65,0
DA:66,0
DA:73,0
DA:74,0
DA:79,0
DA:80,0
DA:81,0
DA:82,0
DA:84,0
DA:91,0
DA:92,0
DA:96,0
DA:97,0
DA:98,0
DA:100,0
LF:31
LH:1
end_of_record
SF:lib/domain/use_cases/complete_onboarding.dart
DA:26,0
DA:38,0
DA:46,0
DA:47,0
DA:55,0
DA:56,0
DA:57,0
DA:58,0
DA:59,0
LF:9
LH:0
end_of_record
SF:lib/domain/use_cases/recompute_cycle_entries.dart
DA:29,0
DA:41,0
DA:42,0
DA:43,0
DA:44,0
DA:45,0
DA:46,0
DA:47,0
DA:48,0
DA:52,0
DA:55,0
DA:57,0
DA:58,0
DA:59,0
DA:60,0
DA:61,0
DA:62,0
DA:64,0
DA:69,0
DA:70,0
DA:72,0
DA:76,0
DA:78,0
DA:80,0
DA:83,0
DA:84,0
DA:85,0
DA:86,0
DA:88,0
DA:100,0
DA:101,0
DA:102,0
DA:103,0
DA:106,0
DA:107,0
DA:108,0
DA:109,0
DA:112,0
DA:115,0
DA:117,0
DA:119,0
LF:41
LH:0
end_of_record
SF:lib/domain/use_cases/compute_cycle_stats.dart
DA:25,0
DA:29,0
DA:31,0
DA:33,0
DA:34,0
DA:35,0
DA:38,0
DA:39,0
DA:40,0
DA:41,0
DA:42,0
DA:43,0
DA:44,0
DA:45,0
DA:48,0
DA:60,0
DA:61,0
DA:62,0
DA:63,0
DA:64,0
DA:67,0
DA:68,0
DA:69,0
DA:70,0
DA:71,0
DA:74,0
DA:78,0
DA:79,0
DA:80,0
DA:81,0
DA:82,0
DA:86,0
DA:89,0
DA:90,0
DA:91,0
DA:93,0
DA:94,0
DA:97,0
DA:107,0
DA:112,0
DA:113,0
DA:114,0
DA:115,0
DA:117,0
DA:118,0
DA:119,0
DA:120,0
DA:121,0
DA:123,0
DA:124,0
LF:50
LH:0
end_of_record
SF:lib/domain/use_cases/get_cycle_summaries.dart
DA:27,0
DA:32,0
DA:33,0
DA:36,0
DA:37,0
DA:39,0
DA:41,0
DA:42,0
DA:48,0
DA:50,0
DA:51,0
DA:52,0
DA:53,0
DA:56,0
DA:57,0
DA:58,0
DA:59,0
DA:61,0
DA:65,0
DA:66,0
DA:67,0
DA:72,0
DA:73,0
DA:74,0
DA:75,0
DA:77,0
DA:82,0
DA:83,0
DA:84,0
DA:85,0
DA:86,0
DA:87,0
DA:93,0
DA:94,0
DA:95,0
DA:96,0
DA:97,0
DA:101,0
DA:102,0
DA:103,0
DA:104,0
DA:105,0
DA:106,0
DA:110,0
DA:112,0
DA:119,0
DA:120,0
LF:47
LH:0
end_of_record
SF:lib/domain/use_cases/delete_all_data.dart
DA:22,0
DA:27,0
DA:28,0
DA:29,0
LF:4
LH:0
end_of_record
SF:lib/domain/use_cases/export_daily_logs.dart
DA:23,0
DA:27,0
DA:28,0
DA:32,0
DA:33,0
DA:35,0
DA:36,0
DA:37,0
DA:38,0
DA:39,0
DA:42,0
DA:47,0
LF:12
LH:0
end_of_record
SF:lib/domain/use_cases/get_month_logs.dart
DA:22,0
DA:26,0
DA:27,0
LF:3
LH:0
end_of_record
SF:lib/domain/use_cases/import_daily_logs.dart
DA:26,0
DA:36,0
DA:41,0
DA:46,0
DA:47,0
DA:48,0
DA:50,0
DA:51,0
DA:54,0
DA:55,0
DA:57,0
DA:58,0
DA:60,0
DA:61,0
DA:63,0
DA:65,0
DA:66,0
DA:68,0
DA:69,0
DA:70,0
DA:73,0
DA:74,0
DA:75,0
DA:77,0
DA:78,0
DA:79,0
DA:82,0
DA:83,0
LF:28
LH:0
end_of_record
SF:lib/domain/use_cases/save_daily_log.dart
DA:25,0
DA:32,0
DA:36,0
DA:44,0
DA:45,0
DA:46,0
DA:47,0
DA:51,0
DA:57,0
DA:58,0
DA:64,0
DA:66,0
DA:67,0
DA:68,0
DA:69,0
DA:70,0
DA:71,0
DA:72,0
DA:76,0
DA:77,0
DA:78,0
DA:79,0
DA:81,0
LF:23
LH:0
end_of_record
SF:lib/domain/use_cases/schedule_prediction_notification.dart
DA:23,0
DA:27,0
DA:33,0
DA:34,0
DA:36,0
DA:37,0
DA:39,0
DA:41,0
DA:42,0
DA:49,0
DA:50,0
DA:51,0
DA:52,0
DA:53,0
DA:55,0
DA:56,0
DA:57,0
DA:58,0
LF:18
LH:0
end_of_record
SF:lib/domain/use_cases/watch_cycle_prediction.dart
DA:26,0
DA:31,0
DA:32,0
DA:33,0
DA:34,0
DA:35,0
DA:37,0
LF:7
LH:0
end_of_record
SF:lib/features/calendar/state/calendar_month_controller.dart
DA:27,0
DA:42,0
DA:43,0
DA:51,0
DA:53,0
DA:54,0
DA:55,0
DA:56,0
DA:58,0
DA:61,0
DA:63,0
DA:64,0
DA:65,0
DA:66,0
DA:68,0
DA:69,0
DA:73,0
DA:78,0
DA:80,0
DA:81,0
DA:82,0
DA:84,0
DA:90,0
DA:91,0
DA:93,0
DA:99,0
DA:101,0
DA:103,0
DA:104,0
DA:105,0
DA:106,0
DA:107,0
DA:113,0
DA:116,0
DA:117,0
DA:118,0
DA:119,0
DA:120,0
DA:121,0
DA:125,0
DA:126,0
DA:129,0
DA:130,0
DA:131,0
DA:133,0
DA:135,0
DA:136,0
DA:137,0
DA:138,0
DA:142,0
DA:143,0
DA:147,0
DA:148,0
DA:149,0
DA:150,0
DA:152,0
DA:153,0
DA:154,0
DA:156,0
DA:158,0
DA:159,0
DA:160,0
DA:161,0
LF:63
LH:0
end_of_record
SF:lib/providers/repository_providers.dart
DA:32,0
DA:35,0
DA:36,0
DA:39,0
DA:42,0
DA:43,0
DA:46,0
DA:47,0
DA:48,0
DA:49,0
DA:57,0
DA:58,0
DA:59,0
DA:60,0
DA:63,0
DA:66,0
DA:67,0
DA:75,0
DA:76,0
DA:77,0
DA:78,0
LF:21
LH:0
end_of_record
SF:lib/providers/use_case_providers.dart
DA:36,0
DA:37,0
DA:38,0
DA:41,0
DA:42,0
DA:43,0
DA:46,0
DA:49,0
DA:50,0
DA:51,0
DA:54,0
DA:57,0
DA:58,0
DA:59,0
DA:62,0
DA:65,0
DA:66,0
DA:71,0
DA:72,0
DA:75,0
DA:76,0
DA:77,0
DA:78,0
DA:79,0
DA:83,0
DA:84,0
DA:87,0
DA:88,0
DA:89,0
DA:90,0
DA:91,0
DA:95,0
DA:96,0
DA:97,0
DA:98,0
DA:103,0
DA:104,0
DA:105,0
DA:108,0
DA:109,0
DA:110,0
DA:111,0
DA:118,0
DA:119,0
DA:120,0
DA:121,0
DA:122,0
DA:123,0
DA:124,0
DA:125,0
DA:126,0
DA:128,0
DA:129,0
DA:130,0
DA:138,0
DA:139,0
DA:140,0
DA:142,0
DA:143,0
DA:146,0
DA:147,0
DA:149,0
DA:150,0
DA:151,0
DA:152,0
DA:153,0
DA:154,0
DA:161,0
DA:164,0
DA:165,0
DA:166,0
DA:167,0
DA:168,0
LF:73
LH:0
end_of_record
SF:lib/providers/database_provider.dart
DA:28,0
DA:33,0
DA:35,0
DA:36,0
DA:38,0
DA:40,0
DA:41,0
DA:43,0
DA:47,0
DA:48,0
DA:49,0
LF:11
LH:0
end_of_record
SF:lib/providers/encryption_provider.dart
DA:24,0
DA:25,0
DA:30,0
DA:31,0
DA:34,0
DA:35,0
LF:6
LH:0
end_of_record
SF:lib/domain/entities/backup_snapshot.dart
DA:26,1
DA:39,2
DA:40,1
DA:41,3
DA:42,3
DA:43,1
DA:44,4
DA:45,3
DA:46,3
DA:47,2
DA:48,2
DA:49,2
DA:50,2
DA:51,2
DA:52,1
DA:53,1
DA:54,2
DA:55,2
DA:56,1
DA:59,1
DA:61,1
DA:64,3
DA:66,1
DA:69,1
DA:73,1
DA:76,1
DA:77,1
DA:80,2
DA:81,2
DA:83,1
DA:84,1
DA:87,1
DA:91,1
DA:92,1
DA:95,4
DA:96,1
DA:103,1
DA:105,1
DA:108,2
DA:113,1
DA:114,1
DA:117,2
DA:118,1
DA:121,1
DA:123,1
DA:124,2
DA:127,1
DA:128,1
DA:129,1
DA:131,1
DA:133,1
DA:137,1
DA:139,1
DA:141,3
DA:144,1
DA:147,3
DA:150,1
DA:154,1
DA:160,2
DA:165,0
DA:171,0
DA:177,1
DA:181,1
DA:185,1
DA:186,1
DA:187,1
DA:188,1
DA:189,1
DA:191,1
DA:192,1
DA:193,0
LF:71
LH:68
end_of_record
SF:lib/core/widgets/metra_tab_bar.dart
DA:29,0
DA:52,0
DA:54,0
DA:55,0
DA:56,0
DA:57,0
DA:59,0
DA:60,0
DA:61,0
DA:62,0
DA:64,0
DA:66,0
DA:67,0
DA:68,0
DA:69,0
DA:70,0
DA:71,0
DA:73,0
DA:75,0
DA:76,0
DA:77,0
DA:79,0
DA:82,0
DA:83,0
DA:84,0
DA:86,0
DA:90,0
LF:27
LH:0
end_of_record
SF:lib/core/theme/metra_colors.dart
DA:68,2
DA:109,0
DA:110,0
DA:111,0
DA:112,0
DA:113,0
DA:114,0
DA:115,0
DA:116,0
DA:117,0
DA:118,0
DA:119,0
DA:120,0
DA:121,0
DA:122,0
DA:123,0
DA:124,0
DA:125,0
DA:126,0
DA:128,0
DA:129,0
DA:130,0
DA:131,0
DA:132,0
DA:133,0
DA:134,0
DA:135,0
DA:136,0
DA:137,0
DA:138,0
DA:139,0
DA:140,0
DA:141,0
DA:142,0
DA:143,0
DA:144,0
DA:145,0
DA:146,0
DA:147,0
DA:148,0
DA:149,0
DA:150,0
DA:151,0
DA:152,0
DA:153,0
DA:154,0
DA:155,0
DA:156,0
DA:158,0
DA:166,2
DA:184,0
DA:185,0
DA:186,0
DA:187,0
DA:188,0
DA:189,0
DA:190,0
DA:191,0
DA:192,0
DA:193,0
DA:194,0
DA:195,0
DA:198,0
DA:199,0
DA:200,0
DA:201,0
DA:203,0
DA:204,0
DA:205,0
DA:206,0
DA:207,0
DA:209,0
DA:210,0
DA:211,0
DA:212,0
DA:213,0
DA:214,0
DA:215,0
DA:216,0
DA:217,0
DA:219,0
DA:220,0
DA:221,0
DA:222,0
DA:223,0
DA:224,0
DA:225,0
DA:226,0
DA:227,0
DA:228,0
DA:229,0
DA:230,0
DA:231,0
DA:232,0
DA:234,0
DA:235,0
DA:237,0
DA:238,0
DA:239,0
DA:240,0
DA:241,0
DA:242,0
DA:243,0
DA:244,0
DA:245,0
DA:246,0
DA:248,0
DA:251,0
DA:252,0
DA:263,0
DA:264,0
LF:111
LH:2
end_of_record
SF:lib/core/widgets/metra_icon.dart
DA:28,0
DA:43,0
DA:45,0
DA:46,0
DA:47,0
DA:48,0
DA:49,0
DA:50,0
DA:53,0
DA:54,0
DA:55,0
DA:56,0
DA:58,0
DA:59,0
DA:60,0
DA:65,0
DA:66,0
DA:67,0
DA:68,0
DA:69,0
DA:74,0
LF:21
LH:0
end_of_record
SF:lib/core/widgets/segmented_control_metra.dart
DA:29,0
DA:34,0
DA:40,0
DA:42,0
DA:43,0
DA:44,0
DA:45,0
DA:46,0
DA:48,0
DA:50,0
DA:51,0
DA:52,0
DA:53,0
DA:54,0
DA:55,0
DA:56,0
DA:60,0
DA:61,0
DA:63,0
DA:73,0
DA:75,0
DA:77,0
DA:78,0
DA:88,0
DA:89,0
DA:90,0
DA:101,0
DA:104,0
DA:105,0
DA:107,0
DA:110,0
LF:31
LH:0
end_of_record
SF:lib/core/theme/metra_typography.dart
DA:29,0
DA:33,0
DA:37,0
DA:44,0
DA:51,0
DA:58,0
DA:65,0
DA:72,0
DA:79,0
DA:86,0
DA:95,0
DA:102,0
DA:109,0
DA:116,0
DA:124,0
DA:132,0
DA:139,0
DA:146,0
DA:153,0
DA:160,0
DA:170,0
DA:175,0
DA:180,0
DA:185,0
DA:190,0
DA:196,0
DA:202,0
DA:207,0
DA:212,0
DA:222,0
DA:223,0
DA:224,0
DA:225,0
DA:226,0
DA:227,0
DA:228,0
DA:229,0
DA:230,0
DA:231,0
DA:232,0
LF:40
LH:0
end_of_record
SF:lib/core/widgets/choice_chip_metra.dart
DA:28,0
DA:41,0
DA:43,0
DA:44,0
DA:45,0
DA:46,0
DA:51,0
DA:52,0
DA:53,0
DA:56,0
DA:57,0
DA:59,0
DA:61,0
DA:62,0
DA:63,0
DA:64,0
DA:65,0
DA:66,0
DA:67,0
DA:71,0
DA:76,0
DA:79,0
DA:80,0
DA:81,0
DA:82,0
DA:83,0
LF:26
LH:0
end_of_record
SF:lib/core/widgets/moon.dart
DA:30,0
DA:41,0
DA:43,0
DA:44,0
DA:45,0
DA:47,0
DA:48,0
DA:51,0
DA:54,0
DA:57,0
DA:58,0
DA:59,0
DA:60,0
DA:61,0
DA:76,0
LF:15
LH:0
end_of_record
SF:lib/core/widgets/button_primary.dart
DA:30,0
DA:41,0
DA:43,0
DA:44,0
DA:45,0
DA:46,0
DA:48,0
DA:49,0
DA:51,0
DA:53,0
DA:55,0
DA:56,0
DA:57,0
DA:61,0
DA:67,0
DA:68,0
DA:73,0
DA:74,0
DA:75,0
LF:19
LH:0
end_of_record
SF:lib/core/theme/metra_theme.dart
DA:26,0
DA:28,0
DA:30,0
DA:31,0
DA:33,0
DA:34,0
DA:35,0
DA:36,0
DA:37,0
DA:38,0
DA:39,0
DA:40,0
DA:41,0
DA:42,0
DA:43,0
DA:44,0
DA:45,0
DA:46,0
DA:47,0
DA:49,0
DA:51,0
DA:52,0
DA:53,0
DA:55,0
DA:56,0
DA:57,0
DA:60,0
DA:62,0
DA:63,0
DA:64,0
DA:68,0
DA:69,0
DA:73,0
DA:74,0
DA:75,0
DA:77,0
DA:78,0
DA:82,0
DA:83,0
DA:84,0
DA:87,0
DA:90,0
DA:93,0
DA:101,0
DA:103,0
DA:105,0
DA:106,0
DA:108,0
DA:109,0
DA:110,0
DA:111,0
DA:112,0
DA:113,0
DA:114,0
DA:115,0
DA:116,0
DA:117,0
DA:118,0
DA:119,0
DA:120,0
DA:121,0
DA:122,0
DA:124,0
DA:126,0
DA:127,0
DA:128,0
DA:130,0
DA:131,0
DA:132,0
DA:135,0
DA:137,0
DA:138,0
DA:139,0
DA:143,0
DA:144,0
DA:146,0
DA:147,0
DA:148,0
DA:150,0
DA:151,0
DA:155,0
DA:156,0
DA:157,0
DA:160,0
DA:163,0
DA:166,0
LF:86
LH:0
end_of_record
SF:lib/app.dart
DA:36,0
DA:43,0
DA:45,0
DA:46,0
DA:53,2
DA:55,0
DA:56,0
DA:60,0
DA:62,0
DA:65,0
DA:66,0
DA:67,0
DA:68,0
DA:69,0
DA:70,0
DA:74,0
DA:76,0
DA:77,0
DA:78,0
DA:79,0
DA:80,0
DA:82,0
DA:83,0
DA:89,0
DA:91,0
DA:93,0
DA:94,0
DA:95,0
DA:96,0
DA:99,0
DA:101,0
DA:104,0
DA:105,0
DA:106,0
DA:107,0
DA:108,0
DA:111,0
DA:113,0
DA:115,0
DA:118,0
DA:120,0
DA:121,0
DA:125,0
DA:133,0
DA:134,0
DA:135,0
DA:136,0
DA:143,0
DA:144,0
DA:146,0
DA:150,0
DA:151,0
DA:157,0
DA:159,0
DA:161,0
DA:163,0
DA:166,0
DA:168,0
DA:169,0
DA:173,0
DA:179,0
DA:181,0
DA:182,0
DA:187,0
DA:194,0
DA:195,0
DA:196,0
DA:197,0
LF:68
LH:1
end_of_record
SF:lib/features/calendar/state/prediction_controller.dart
DA:30,0
DA:31,0
DA:35,0
DA:36,0
LF:4
LH:0
end_of_record
SF:lib/features/settings/state/settings_notifier.dart
DA:23,0
DA:24,0
DA:29,0
DA:31,0
DA:32,0
DA:35,0
DA:36,0
DA:37,0
DA:38,0
LF:9
LH:0
end_of_record
SF:lib/l10n/app_localizations.dart
DA:65,0
DA:66,0
DA:70,0
DA:71,0
DA:1352,2
DA:1354,0
DA:1356,0
DA:1359,0
DA:1361,0
DA:1363,0
DA:1367,0
DA:1369,0
DA:1370,0
DA:1371,0
DA:1372,0
DA:1373,0
DA:1376,0
LF:17
LH:1
end_of_record
SF:lib/providers/backup_providers.dart
DA:31,0
DA:32,0
DA:34,0
DA:38,0
DA:39,0
DA:40,0
DA:43,0
DA:44,0
DA:45,0
DA:46,0
DA:47,0
DA:49,0
DA:50,0
DA:52,0
DA:53,0
DA:59,0
DA:60,0
DA:64,0
DA:65,0
DA:66,0
DA:69,0
DA:70,0
DA:71,0
LF:23
LH:0
end_of_record
SF:lib/router/app_router.dart
DA:37,0
DA:38,0
DA:40,0
DA:41,0
DA:42,0
DA:43,0
DA:44,0
DA:47,0
DA:48,0
DA:50,0
DA:54,0
DA:56,0
DA:58,0
DA:60,0
DA:62,0
DA:64,0
DA:65,0
DA:66,0
DA:67,0
DA:68,0
DA:70,0
DA:73,0
DA:74,0
DA:75,0
DA:76,0
DA:78,0
DA:80,0
DA:82,0
DA:84,0
DA:86,0
DA:88,0
DA:90,0
DA:99,0
DA:110,0
DA:111,0
DA:112,0
DA:113,0
DA:116,0
DA:118,0
DA:119,0
DA:120,0
DA:121,0
DA:122,0
LF:43
LH:0
end_of_record
SF:lib/core/constants/app_constants.dart
DA:19,0
LF:1
LH:0
end_of_record
SF:lib/core/widgets/metra_wordmark.dart
DA:26,0
DA:31,0
DA:33,0
DA:35,0
DA:36,0
DA:39,0
DA:40,0
LF:7
LH:0
end_of_record
SF:lib/data/services/backup/backup_service.dart
DA:11,0
DA:14,0
DA:15,0
DA:16,0
DA:17,0
DA:18,0
DA:19,0
DA:20,0
DA:23,0
DA:25,0
LF:10
LH:0
end_of_record
SF:lib/data/services/backup/dropbox_provider.dart
DA:37,0
DA:46,0
DA:48,0
DA:71,0
DA:75,0
DA:80,0
DA:81,0
DA:83,0
DA:84,0
DA:85,0
DA:86,0
DA:87,0
DA:88,0
DA:94,0
DA:97,0
DA:98,0
DA:99,0
DA:100,0
DA:103,0
DA:107,0
DA:108,0
DA:109,0
DA:112,0
DA:117,0
DA:118,0
DA:120,0
DA:121,0
DA:123,0
DA:125,0
DA:127,0
DA:131,0
DA:132,0
DA:134,0
DA:135,0
DA:137,0
DA:139,0
DA:140,0
DA:141,0
DA:144,0
DA:145,0
DA:148,0
DA:149,0
DA:151,0
DA:156,0
DA:157,0
DA:160,0
DA:162,0
DA:163,0
DA:165,0
DA:167,0
DA:168,0
DA:174,0
DA:175,0
DA:179,0
DA:181,0
DA:182,0
DA:184,0
DA:185,0
DA:188,0
DA:189,0
DA:191,0
DA:194,0
DA:196,0
DA:197,0
DA:198,0
DA:199,0
DA:201,0
DA:203,0
DA:205,0
DA:206,0
DA:208,0
DA:209,0
DA:210,0
DA:211,0
DA:212,0
DA:213,0
DA:214,0
DA:215,0
DA:216,0
DA:218,0
DA:221,0
DA:222,0
DA:223,0
DA:228,0
DA:229,0
DA:230,0
DA:231,0
DA:232,0
DA:235,0
DA:237,0
DA:238,0
DA:239,0
DA:240,0
DA:242,0
DA:243,0
DA:247,0
DA:253,0
DA:254,0
DA:256,0
DA:258,0
DA:261,0
DA:263,0
DA:264,0
DA:265,0
DA:266,0
DA:271,0
DA:272,0
DA:274,0
DA:275,0
DA:276,0
DA:279,0
DA:282,0
DA:285,0
DA:286,0
DA:287,0
DA:291,0
DA:292,0
DA:293,0
DA:296,0
DA:299,0
DA:300,0
DA:303,0
DA:304,0
DA:306,0
DA:307,0
DA:308,0
DA:309,0
LF:127
LH:0
end_of_record
SF:lib/data/services/backup/sync_orchestrator.dart
DA:25,0
DA:47,0
DA:59,0
DA:61,0
DA:63,0
DA:67,0
DA:68,0
DA:69,0
DA:70,0
DA:71,0
DA:73,0
DA:74,0
DA:78,0
DA:79,0
DA:81,0
DA:86,0
DA:87,0
DA:88,0
DA:91,0
DA:92,0
DA:100,0
DA:101,0
DA:106,0
DA:113,0
DA:115,0
DA:117,0
DA:121,0
DA:122,0
DA:125,0
DA:126,0
DA:127,0
DA:128,0
DA:129,0
DA:130,0
DA:132,0
DA:133,0
DA:134,0
DA:135,0
DA:143,0
DA:144,0
DA:149,0
DA:156,0
DA:157,0
DA:158,0
DA:159,0
DA:160,0
DA:161,0
DA:162,0
DA:163,0
DA:164,0
LF:50
LH:0
end_of_record
SF:lib/domain/use_cases/backup_data.dart
DA:17,0
DA:20,0
DA:22,0
DA:24,0
DA:25,0
DA:27,0
LF:6
LH:0
end_of_record
SF:lib/domain/use_cases/restore_data.dart
DA:23,0
DA:26,0
DA:28,0
DA:30,0
DA:31,0
DA:33,0
LF:6
LH:0
end_of_record
SF:lib/features/backup/backup_screen.dart
DA:19,2
DA:21,0
DA:23,0
DA:24,0
DA:25,0
DA:26,0
DA:28,0
DA:29,0
DA:31,0
DA:33,0
DA:35,0
DA:36,0
DA:37,0
DA:39,0
DA:44,0
DA:45,0
DA:46,0
DA:47,0
DA:52,0
DA:53,0
DA:64,0
DA:68,0
DA:70,0
DA:71,0
DA:73,0
DA:75,0
DA:76,0
DA:77,0
DA:78,0
DA:81,0
DA:82,0
DA:83,0
DA:84,0
DA:97,0
DA:102,0
DA:104,0
DA:105,0
DA:106,0
DA:108,0
DA:109,0
DA:111,0
DA:114,0
DA:126,0
DA:136,0
DA:137,0
DA:141,0
DA:142,0
DA:143,0
DA:144,0
DA:145,0
DA:146,0
DA:147,0
DA:148,0
DA:149,0
DA:151,0
DA:152,0
DA:158,0
DA:159,0
DA:160,0
DA:161,0
DA:162,0
DA:163,0
DA:164,0
DA:165,0
DA:166,0
DA:167,0
DA:169,0
DA:170,0
DA:171,0
DA:176,0
DA:177,0
DA:179,0
DA:180,0
DA:181,0
DA:183,0
DA:184,0
DA:185,0
DA:186,0
DA:187,0
DA:189,0
DA:190,0
DA:196,0
DA:197,0
DA:198,0
DA:199,0
DA:200,0
DA:201,0
DA:202,0
DA:203,0
DA:204,0
DA:205,0
DA:207,0
DA:208,0
DA:209,0
DA:214,0
DA:215,0
DA:216,0
DA:219,0
DA:221,0
DA:222,0
DA:224,0
DA:225,0
DA:226,0
DA:227,0
DA:230,0
DA:232,0
DA:234,0
DA:236,0
DA:237,0
DA:238,0
DA:239,0
DA:242,0
DA:244,0
DA:247,0
DA:248,0
DA:249,0
DA:252,0
DA:253,0
DA:254,0
DA:257,0
DA:258,0
DA:259,0
DA:272,0
DA:277,0
DA:279,0
DA:281,0
DA:283,0
DA:284,0
DA:286,0
DA:289,0
DA:290,0
DA:291,0
LF:132
LH:1
end_of_record
SF:lib/features/backup/state/backup_notifier.dart
DA:18,0
DA:20,0
DA:21,0
DA:22,0
DA:25,0
DA:26,0
DA:27,0
DA:31,0
DA:32,0
DA:34,0
DA:35,0
DA:36,0
DA:38,0
DA:39,0
DA:40,0
DA:42,0
DA:44,0
DA:46,0
DA:47,0
DA:48,0
DA:49,0
DA:56,0
DA:57,0
DA:59,0
DA:60,0
DA:61,0
DA:62,0
DA:66,0
DA:67,0
DA:69,0
DA:70,0
DA:71,0
DA:72,0
DA:79,0
DA:80,0
DA:84,0
DA:87,0
DA:89,0
DA:93,0
DA:94,0
DA:96,0
DA:98,0
DA:103,0
DA:105,0
DA:107,0
DA:110,0
DA:111,0
DA:113,0
DA:114,0
DA:116,0
DA:117,0
DA:118,0
DA:119,0
DA:122,0
DA:123,0
DA:124,0
DA:125,0
DA:132,0
DA:133,0
DA:135,0
DA:136,0
DA:138,0
DA:139,0
DA:140,0
DA:141,0
DA:144,0
DA:145,0
DA:146,0
DA:147,0
DA:154,0
DA:155,0
DA:159,0
DA:162,0
DA:164,0
DA:168,0
DA:169,0
DA:171,0
DA:173,0
DA:179,0
DA:180,0
LF:80
LH:0
end_of_record
SF:lib/features/backup/state/backup_state.dart
DA:7,2
DA:11,2
DA:15,0
DA:23,2
DA:28,0
LF:5
LH:3
end_of_record
SF:lib/features/backup/widgets/passphrase_dialog.dart
DA:20,0
DA:29,0
DA:30,0
DA:32,0
DA:37,0
DA:39,0
DA:52,0
DA:54,0
DA:56,0
DA:57,0
DA:58,0
DA:61,0
DA:62,0
DA:63,0
DA:65,0
DA:68,0
DA:69,0
DA:70,0
DA:75,0
DA:77,0
DA:78,0
DA:79,0
DA:80,0
DA:82,0
DA:83,0
DA:84,0
DA:88,0
DA:90,0
DA:91,0
DA:92,0
DA:93,0
DA:94,0
DA:95,0
DA:96,0
DA:97,0
DA:98,0
DA:99,0
DA:101,0
DA:102,0
DA:103,0
DA:105,0
DA:106,0
DA:108,0
DA:109,0
DA:111,0
DA:112,0
DA:114,0
DA:116,0
DA:118,0
DA:119,0
DA:121,0
DA:122,0
DA:124,0
DA:127,0
DA:129,0
DA:131,0
DA:132,0
DA:139,0
DA:140,0
DA:141,0
DA:142,0
DA:144,0
DA:145,0
DA:146,0
DA:147,0
DA:148,0
DA:149,0
DA:152,0
LF:68
LH:0
end_of_record
SF:lib/features/calendar/calendar_screen.dart
DA:48,2
DA:50,0
DA:51,0
DA:57,0
DA:59,0
DA:60,0
DA:61,0
DA:67,0
DA:70,0
DA:71,0
DA:72,0
DA:73,0
DA:74,0
DA:75,0
DA:77,0
DA:78,0
DA:80,0
DA:81,0
DA:82,0
DA:84,0
DA:86,0
DA:87,0
DA:88,0
DA:89,0
DA:90,0
DA:94,0
DA:95,0
DA:96,0
DA:97,0
DA:100,0
DA:101,0
DA:102,0
DA:103,0
DA:105,0
DA:109,0
DA:110,0
DA:113,0
DA:115,0
DA:116,0
DA:117,0
DA:118,0
DA:120,0
DA:121,0
DA:122,0
DA:123,0
DA:124,0
DA:125,0
DA:126,0
DA:127,0
DA:128,0
DA:129,0
DA:130,0
DA:131,0
DA:132,0
DA:133,0
DA:134,0
DA:135,0
DA:139,0
DA:143,0
DA:144,0
DA:149,0
DA:150,0
DA:152,0
DA:153,0
DA:154,0
DA:155,0
DA:156,0
DA:158,0
DA:161,0
DA:164,0
DA:165,0
DA:166,0
DA:167,0
DA:168,0
DA:173,0
DA:174,0
DA:175,0
DA:180,0
DA:182,0
DA:183,0
DA:184,0
DA:202,0
DA:210,0
DA:213,0
DA:214,0
DA:216,0
DA:218,0
DA:219,0
DA:220,0
DA:221,0
DA:222,0
DA:224,0
DA:228,0
DA:235,0
DA:261,0
DA:262,0
DA:263,0
DA:266,0
DA:268,0
DA:275,0
DA:276,0
DA:278,0
DA:280,0
DA:281,0
DA:282,0
DA:283,0
DA:284,0
DA:286,0
DA:287,0
DA:289,0
DA:292,0
DA:294,0
DA:295,0
DA:296,0
DA:297,0
DA:298,0
DA:299,0
DA:300,0
DA:301,0
DA:305,0
DA:307,0
DA:308,0
DA:309,0
DA:311,0
DA:321,0
DA:322,0
DA:327,0
DA:329,0
DA:330,0
DA:332,0
DA:333,0
DA:334,0
DA:335,0
DA:336,0
DA:337,0
DA:338,0
DA:339,0
DA:340,0
DA:341,0
DA:342,0
DA:343,0
DA:345,0
DA:348,0
DA:356,0
DA:358,0
DA:366,0
DA:384,0
DA:385,0
DA:386,0
DA:387,0
DA:388,0
DA:389,0
DA:390,0
DA:391,0
DA:392,0
DA:393,0
DA:394,0
DA:395,0
DA:398,0
DA:400,0
DA:401,0
DA:402,0
DA:403,0
DA:404,0
DA:405,0
DA:406,0
DA:407,0
DA:411,0
DA:412,0
DA:413,0
DA:414,0
DA:415,0
DA:416,0
DA:417,0
DA:418,0
DA:419,0
DA:421,0
DA:422,0
DA:423,0
DA:424,0
DA:430,0
DA:431,0
DA:432,0
DA:433,0
DA:434,0
DA:439,0
DA:440,0
DA:441,0
DA:442,0
DA:445,0
DA:446,0
DA:448,0
DA:450,0
DA:453,0
DA:457,0
DA:460,0
DA:462,0
DA:465,0
DA:466,0
DA:468,0
DA:470,0
DA:472,0
DA:473,0
DA:474,0
DA:479,0
DA:481,0
DA:482,0
DA:483,0
DA:493,0
DA:495,0
DA:498,0
DA:500,0
DA:505,0
DA:508,0
DA:513,0
DA:515,0
DA:516,0
DA:519,0
DA:521,0
DA:528,0
DA:530,0
DA:532,0
DA:540,0
DA:541,0
DA:542,0
DA:543,0
DA:544,0
DA:546,0
DA:548,0
DA:549,0
DA:550,0
DA:552,0
DA:554,0
DA:555,0
DA:556,0
DA:557,0
DA:559,0
DA:561,0
DA:562,0
DA:568,0
DA:570,0
DA:571,0
DA:572,0
DA:575,0
DA:590,0
DA:604,0
DA:606,0
DA:609,0
DA:610,0
DA:611,0
DA:613,0
DA:615,0
DA:616,0
DA:618,0
DA:619,0
DA:620,0
LF:256
LH:1
end_of_record
SF:lib/features/calendar/widgets/calendar_day.dart
DA:45,0
DA:78,0
DA:80,0
DA:81,0
DA:82,0
DA:83,0
DA:84,0
DA:85,0
DA:86,0
DA:88,0
DA:89,0
DA:97,0
DA:100,0
DA:101,0
DA:102,0
DA:103,0
DA:108,0
DA:109,0
DA:110,0
DA:111,0
DA:118,0
DA:119,0
DA:120,0
DA:127,0
DA:128,0
DA:129,0
DA:136,0
DA:137,0
DA:138,0
DA:146,0
DA:147,0
DA:151,0
DA:157,0
DA:158,0
DA:161,0
DA:162,0
DA:164,0
DA:167,0
DA:169,0
DA:170,0
DA:171,0
DA:172,0
DA:178,0
DA:180,0
DA:182,0
DA:183,0
DA:184,0
DA:185,0
DA:199,0
DA:205,0
DA:214,0
DA:216,0
DA:217,0
DA:218,0
DA:226,0
DA:228,0
DA:229,0
DA:230,0
DA:238,0
DA:241,0
DA:242,0
DA:245,0
DA:250,0
DA:253,0
DA:254,0
DA:263,0
DA:267,0
LF:67
LH:0
end_of_record
SF:lib/features/calendar/widgets/calendar_legend.dart
DA:28,2
DA:30,0
DA:32,0
DA:33,0
DA:35,0
DA:36,0
DA:37,0
DA:38,0
DA:39,0
DA:40,0
DA:43,0
DA:45,0
DA:46,0
DA:47,0
DA:50,0
DA:54,0
DA:55,0
DA:58,0
DA:61,0
DA:64,0
DA:67,0
DA:70,0
DA:73,0
DA:76,0
DA:88,0
DA:100,0
DA:102,0
DA:104,0
DA:105,0
DA:107,0
DA:108,0
DA:109,0
LF:32
LH:1
end_of_record
SF:lib/features/calendar/widgets/month_navigator.dart
DA:29,0
DA:52,0
DA:54,0
DA:55,0
DA:59,0
DA:61,0
DA:69,0
DA:71,0
DA:73,0
DA:74,0
DA:77,0
DA:78,0
DA:79,0
DA:81,0
DA:87,0
DA:88,0
DA:90,0
DA:91,0
DA:92,0
DA:93,0
DA:99,0
DA:100,0
DA:101,0
DA:107,0
DA:108,0
DA:116,0
DA:117,0
DA:119,0
DA:120,0
DA:121,0
DA:122,0
DA:123,0
DA:124,0
LF:33
LH:0
end_of_record
SF:lib/features/daily_entry/historical_entry_screen.dart
DA:46,0
DA:50,0
DA:52,0
DA:82,0
DA:84,0
DA:85,0
DA:86,0
DA:87,0
DA:88,0
DA:91,0
DA:92,0
DA:93,0
DA:98,0
DA:100,0
DA:101,0
DA:102,0
DA:107,0
DA:108,0
DA:109,0
DA:110,0
DA:113,0
DA:114,0
DA:115,0
DA:116,0
DA:117,0
DA:118,0
DA:124,0
DA:125,0
DA:126,0
DA:127,0
DA:128,0
DA:129,0
DA:130,0
DA:131,0
DA:132,0
DA:133,0
DA:134,0
DA:135,0
DA:136,0
DA:138,0
DA:139,0
DA:142,0
DA:143,0
DA:144,0
DA:145,0
DA:146,0
DA:147,0
DA:148,0
DA:149,0
DA:150,0
DA:151,0
DA:152,0
DA:156,0
DA:157,0
DA:158,0
DA:159,0
DA:161,0
DA:162,0
DA:163,0
DA:164,0
DA:165,0
DA:170,0
DA:172,0
DA:173,0
DA:174,0
DA:175,0
DA:176,0
DA:177,0
DA:178,0
DA:185,0
DA:187,0
DA:188,0
DA:190,0
DA:194,0
DA:195,0
DA:198,0
DA:199,0
DA:200,0
DA:201,0
DA:202,0
DA:203,0
DA:204,0
DA:205,0
DA:206,0
DA:207,0
DA:208,0
DA:210,0
DA:211,0
DA:212,0
DA:218,0
DA:220,0
DA:221,0
DA:223,0
DA:224,0
DA:227,0
DA:229,0
DA:230,0
DA:232,0
DA:233,0
DA:235,0
DA:236,0
DA:237,0
DA:239,0
DA:241,0
DA:242,0
DA:243,0
DA:244,0
DA:245,0
DA:250,0
DA:251,0
DA:252,0
DA:254,0
DA:258,0
DA:263,0
DA:269,0
DA:270,0
DA:271,0
DA:272,0
DA:273,0
DA:274,0
DA:275,0
DA:276,0
DA:278,0
DA:279,0
DA:281,0
DA:283,0
DA:285,0
DA:286,0
DA:289,0
DA:290,0
DA:291,0
DA:294,0
DA:295,0
DA:297,0
DA:299,0
DA:301,0
DA:303,0
DA:305,0
DA:306,0
DA:307,0
DA:308,0
DA:309,0
DA:311,0
DA:313,0
DA:321,0
DA:322,0
DA:323,0
DA:325,0
DA:327,0
DA:337,0
DA:340,0
DA:343,0
DA:344,0
DA:345,0
DA:346,0
DA:353,0
DA:354,0
DA:362,0
DA:364,0
DA:365,0
DA:366,0
DA:370,0
DA:371,0
DA:372,0
DA:373,0
DA:374,0
DA:375,0
DA:376,0
DA:378,0
DA:379,0
DA:380,0
DA:381,0
DA:383,0
DA:388,0
DA:390,0
DA:391,0
DA:392,0
DA:395,0
DA:397,0
DA:402,0
DA:403,0
DA:404,0
DA:405,0
DA:408,0
DA:410,0
DA:411,0
DA:412,0
DA:413,0
DA:420,0
DA:422,0
DA:423,0
DA:424,0
DA:426,0
DA:430,0
DA:431,0
DA:432,0
DA:433,0
DA:444,0
DA:448,0
DA:449,0
DA:457,0
DA:459,0
DA:460,0
DA:461,0
DA:465,0
DA:466,0
DA:467,0
DA:474,0
DA:478,0
DA:479,0
DA:487,0
DA:489,0
DA:490,0
DA:491,0
DA:495,0
DA:498,0
DA:499,0
DA:507,0
DA:511,0
DA:512,0
DA:520,0
DA:522,0
DA:523,0
DA:524,0
DA:528,0
DA:529,0
DA:532,0
DA:533,0
DA:534,0
DA:535,0
DA:537,0
DA:545,0
DA:546,0
DA:548,0
DA:550,0
DA:551,0
DA:553,0
DA:555,0
DA:556,0
DA:557,0
DA:567,0
DA:574,0
DA:575,0
DA:578,0
DA:579,0
DA:583,0
DA:585,0
DA:603,0
DA:605,0
DA:606,0
DA:607,0
DA:608,0
DA:609,0
DA:610,0
DA:611,0
DA:612,0
DA:613,0
DA:616,0
DA:621,0
DA:622,0
DA:623,0
DA:625,0
DA:627,0
DA:628,0
DA:629,0
DA:631,0
DA:633,0
DA:635,0
DA:641,0
DA:642,0
DA:646,0
DA:647,0
DA:648,0
DA:649,0
DA:655,0
DA:656,0
DA:658,0
DA:659,0
DA:661,0
DA:662,0
DA:663,0
DA:664,0
DA:668,0
DA:669,0
DA:670,0
DA:671,0
DA:673,0
DA:674,0
DA:676,0
DA:678,0
DA:679,0
DA:682,0
DA:683,0
DA:684,0
DA:688,0
DA:689,0
DA:690,0
DA:692,0
DA:693,0
DA:699,0
DA:706,0
DA:718,0
DA:720,0
DA:722,0
DA:723,0
DA:725,0
DA:726,0
DA:728,0
DA:729,0
DA:730,0
DA:731,0
DA:733,0
DA:734,0
DA:741,0
DA:742,0
DA:744,0
DA:746,0
DA:747,0
DA:749,0
DA:751,0
DA:752,0
DA:754,0
DA:759,0
DA:760,0
DA:761,0
DA:765,0
DA:767,0
DA:768,0
DA:784,0
DA:789,0
DA:791,0
DA:792,0
DA:793,0
DA:795,0
DA:796,0
DA:798,0
DA:800,0
DA:803,0
DA:804,0
DA:806,0
DA:814,0
DA:815,0
DA:816,0
DA:831,0
DA:834,0
DA:839,0
DA:840,0
DA:841,0
DA:842,0
DA:844,0
DA:845,0
DA:846,0
DA:847,0
DA:852,0
DA:853,0
DA:855,0
DA:856,0
DA:857,0
DA:859,0
DA:863,0
DA:868,0
DA:869,0
LF:362
LH:0
end_of_record
SF:lib/features/daily_entry/state/daily_entry_controller.dart
DA:29,0
DA:34,0
DA:40,0
DA:45,0
DA:46,0
DA:47,0
DA:48,0
DA:50,0
DA:53,0
DA:55,0
DA:60,0
DA:62,0
DA:63,0
DA:66,0
DA:71,0
DA:73,0
DA:74,0
DA:78,0
DA:79,0
DA:80,0
DA:81,0
DA:86,0
DA:87,0
DA:89,0
DA:90,0
DA:91,0
DA:92,0
DA:93,0
DA:95,0
LF:29
LH:0
end_of_record
SF:lib/features/daily_entry/widgets/circle_pain_picker.dart
DA:27,0
DA:36,0
DA:38,0
DA:39,0
DA:40,0
DA:41,0
DA:44,0
DA:48,0
DA:51,0
DA:54,0
DA:57,0
DA:58,0
DA:60,0
DA:61,0
DA:62,0
DA:66,0
DA:67,0
DA:68,0
DA:72,0
DA:73,0
DA:74,0
DA:83,0
DA:101,0
DA:103,0
DA:107,0
DA:110,0
DA:112,0
DA:113,0
DA:118,0
DA:121,0
DA:123,0
DA:124,0
DA:133,0
DA:134,0
DA:136,0
DA:138,0
DA:139,0
DA:142,0
DA:144,0
DA:145,0
DA:147,0
DA:148,0
LF:42
LH:0
end_of_record
SF:lib/features/daily_entry/widgets/flow_intensity_dots.dart
DA:32,0
DA:47,0
DA:49,0
DA:50,0
DA:51,0
DA:52,0
DA:53,0
DA:55,0
DA:56,0
DA:57,0
DA:58,0
DA:61,0
DA:63,0
DA:66,0
DA:67,0
DA:68,0
DA:69,0
DA:70,0
DA:71,0
DA:72,0
DA:73,0
DA:77,0
DA:78,0
DA:89,0
DA:109,0
DA:111,0
DA:112,0
DA:113,0
DA:116,0
DA:117,0
DA:119,0
DA:121,0
DA:122,0
DA:125,0
DA:127,0
DA:128,0
DA:129,0
DA:132,0
DA:134,0
DA:135,0
DA:140,0
DA:143,0
DA:145,0
DA:146,0
DA:147,0
DA:156,0
DA:157,0
DA:158,0
DA:160,0
DA:162,0
DA:163,0
DA:164,0
LF:52
LH:0
end_of_record
SF:lib/features/daily_entry/widgets/flow_type_chips.dart
DA:35,0
DA:44,0
DA:46,0
DA:47,0
DA:48,0
DA:49,0
DA:50,0
DA:51,0
DA:52,0
DA:54,0
DA:55,0
DA:56,0
DA:57,0
DA:58,0
DA:60,0
DA:66,0
DA:67,0
DA:72,0
DA:73,0
DA:74,0
DA:76,0
DA:82,0
DA:83,0
DA:88,0
DA:89,0
DA:90,0
DA:92,0
DA:98,0
DA:99,0
DA:109,0
DA:131,0
DA:133,0
DA:135,0
DA:138,0
DA:140,0
DA:142,0
DA:143,0
DA:144,0
DA:146,0
DA:147,0
DA:148,0
DA:151,0
DA:152,0
DA:153,0
DA:161,0
DA:163,0
DA:164,0
DA:165,0
DA:169,0
DA:170,0
DA:171,0
DA:175,0
DA:178,0
DA:180,0
DA:182,0
DA:183,0
DA:185,0
DA:186,0
DA:187,0
DA:188,0
DA:193,0
DA:194,0
DA:195,0
DA:198,0
DA:199,0
DA:208,0
DA:219,0
DA:221,0
DA:223,0
DA:224,0
DA:225,0
DA:226,0
DA:227,0
DA:228,0
DA:241,0
DA:249,0
DA:253,0
DA:254,0
DA:255,0
DA:256,0
DA:258,0
DA:259,0
DA:260,0
DA:261,0
DA:262,0
DA:266,0
DA:267,0
DA:269,0
DA:270,0
DA:271,0
DA:273,0
DA:277,0
DA:282,0
DA:284,0
LF:94
LH:0
end_of_record
SF:lib/features/onboarding/onboarding_screen.dart
DA:33,2
DA:35,0
DA:36,0
DA:42,0
DA:44,0
DA:45,0
DA:48,0
DA:49,0
DA:55,0
DA:57,0
DA:58,0
DA:59,0
DA:61,0
DA:62,0
DA:73,0
DA:77,0
DA:79,0
DA:80,0
DA:81,0
DA:82,0
DA:83,0
DA:84,0
DA:86,0
DA:87,0
DA:89,0
DA:92,0
DA:94,0
DA:96,0
DA:98,0
DA:99,0
DA:100,0
DA:103,0
DA:104,0
DA:112,0
DA:113,0
DA:116,0
DA:117,0
DA:119,0
DA:120,0
DA:121,0
DA:131,0
DA:132,0
DA:134,0
DA:141,0
DA:142,0
DA:144,0
DA:145,0
DA:146,0
DA:148,0
DA:150,0
DA:152,0
DA:153,0
DA:154,0
DA:155,0
DA:158,0
DA:159,0
DA:160,0
DA:166,0
DA:171,0
DA:173,0
DA:174,0
DA:178,0
DA:179,0
DA:182,0
DA:183,0
DA:196,0
DA:199,0
DA:201,0
DA:203,0
DA:209,0
DA:212,0
DA:214,0
DA:215,0
DA:216,0
DA:217,0
DA:218,0
DA:219,0
DA:220,0
DA:223,0
DA:225,0
DA:228,0
DA:230,0
DA:233,0
DA:237,0
DA:238,0
DA:244,2
DA:246,0
DA:248,0
DA:249,0
DA:250,0
DA:251,0
DA:252,0
DA:253,0
DA:254,0
DA:255,0
DA:256,0
DA:258,0
DA:259,0
DA:261,0
DA:264,0
DA:265,0
DA:267,0
DA:269,0
DA:271,0
DA:274,0
DA:280,0
DA:281,0
DA:282,0
DA:285,0
DA:286,0
DA:287,0
DA:288,0
DA:295,0
DA:296,0
DA:300,0
DA:301,0
DA:302,0
DA:309,0
DA:310,0
DA:314,0
DA:315,0
DA:317,0
DA:318,0
DA:325,0
DA:326,0
DA:330,0
DA:331,0
DA:332,0
DA:335,0
DA:336,0
DA:339,0
DA:340,0
DA:342,0
DA:343,0
DA:347,0
DA:348,0
DA:357,0
DA:362,0
DA:363,0
DA:364,0
DA:365,0
DA:366,0
DA:368,0
DA:369,0
DA:377,0
DA:389,0
DA:390,0
DA:393,0
DA:395,0
DA:396,0
DA:397,0
DA:399,0
DA:400,0
DA:401,0
DA:402,0
DA:404,0
DA:406,0
DA:408,0
DA:409,0
DA:410,0
DA:413,0
DA:415,0
DA:416,0
DA:417,0
DA:421,0
DA:422,0
DA:423,0
DA:424,0
DA:426,0
DA:429,0
DA:433,0
DA:436,0
DA:445,0
DA:446,0
DA:447,0
DA:449,0
DA:451,0
DA:454,0
DA:462,0
DA:470,0
DA:472,0
DA:473,0
DA:474,0
DA:477,0
DA:478,0
DA:480,0
DA:481,0
DA:482,0
DA:483,0
DA:484,0
DA:485,0
DA:486,0
DA:487,0
DA:490,0
DA:491,0
DA:493,0
DA:496,0
DA:497,0
DA:498,0
DA:515,0
DA:529,0
DA:531,0
DA:533,0
DA:534,0
DA:535,0
DA:536,0
DA:537,0
DA:539,0
DA:540,0
DA:541,0
DA:542,0
DA:543,0
DA:544,0
DA:551,0
DA:552,0
DA:553,0
DA:563,0
DA:582,0
DA:584,0
DA:585,0
DA:587,0
DA:590,0
DA:591,0
DA:593,0
DA:595,0
DA:597,0
DA:600,0
DA:601,0
DA:603,0
DA:606,0
DA:607,0
DA:608,0
DA:610,0
DA:613,0
DA:615,0
DA:618,0
DA:619,0
DA:626,0
DA:627,0
DA:628,0
DA:631,0
DA:632,0
DA:633,0
DA:634,0
DA:637,0
DA:638,0
DA:639,0
DA:641,0
DA:648,0
DA:651,0
DA:652,0
DA:654,0
DA:657,0
DA:658,0
DA:659,0
DA:661,0
DA:664,0
DA:666,0
DA:669,0
DA:670,0
DA:681,0
DA:682,0
DA:683,0
DA:684,0
DA:685,0
DA:686,0
DA:687,0
DA:689,0
DA:690,0
DA:691,0
DA:694,0
DA:696,0
DA:698,0
DA:699,0
DA:700,0
DA:707,0
DA:709,0
DA:710,0
DA:711,0
LF:279
LH:2
end_of_record
SF:lib/features/onboarding/state/onboarding_notifier.dart
DA:21,2
DA:31,0
DA:33,0
DA:38,0
DA:39,0
DA:40,0
DA:41,0
DA:46,0
DA:49,0
DA:51,0
DA:52,0
DA:55,0
DA:56,0
DA:59,0
DA:60,0
DA:64,0
DA:65,0
LF:17
LH:1
end_of_record
SF:lib/features/settings/settings_screen.dart
DA:43,2
DA:45,0
DA:47,0
DA:48,0
DA:49,0
DA:50,0
DA:51,0
DA:52,0
DA:59,0
DA:60,0
DA:61,0
DA:63,0
DA:65,0
DA:66,0
DA:67,0
DA:68,0
DA:75,0
DA:77,0
DA:78,0
DA:80,0
DA:86,0
DA:87,0
DA:88,0
DA:89,0
DA:90,0
DA:92,0
DA:93,0
DA:94,0
DA:95,0
DA:98,0
DA:99,0
DA:101,0
DA:102,0
DA:103,0
DA:109,0
DA:110,0
DA:111,0
DA:112,0
DA:113,0
DA:115,0
DA:116,0
DA:117,0
DA:118,0
DA:119,0
DA:121,0
DA:123,0
DA:124,0
DA:129,0
DA:130,0
DA:132,0
DA:134,0
DA:135,0
DA:141,0
DA:142,0
DA:143,0
DA:144,0
DA:145,0
DA:146,0
DA:147,0
DA:148,0
DA:149,0
DA:151,0
DA:153,0
DA:157,0
DA:158,0
DA:159,0
DA:160,0
DA:161,0
DA:162,0
DA:164,0
DA:166,0
DA:173,0
DA:174,0
DA:175,0
DA:176,0
DA:177,0
DA:179,0
DA:181,0
DA:184,0
DA:185,0
DA:186,0
DA:189,0
DA:190,0
DA:191,0
DA:197,0
DA:198,0
DA:199,0
DA:200,0
DA:201,0
DA:203,0
DA:204,0
DA:209,0
DA:210,0
DA:211,0
DA:213,0
DA:214,0
DA:219,0
DA:220,0
DA:222,0
DA:223,0
DA:231,0
DA:232,0
DA:233,0
DA:234,0
DA:235,0
DA:237,0
DA:239,0
DA:245,0
DA:252,0
DA:253,0
DA:254,0
DA:256,0
DA:257,0
DA:260,0
DA:262,0
DA:267,0
DA:268,0
DA:269,0
DA:270,0
DA:285,0
DA:286,0
DA:289,0
DA:291,0
DA:292,0
DA:293,0
DA:296,0
DA:298,0
DA:299,0
DA:300,0
DA:303,0
DA:309,0
DA:311,0
DA:312,0
DA:314,0
DA:315,0
DA:316,0
DA:318,0
DA:319,0
DA:320,0
DA:321,0
DA:324,0
DA:325,0
DA:326,0
DA:329,0
DA:330,0
DA:331,0
DA:334,0
DA:335,0
DA:336,0
DA:339,0
DA:340,0
DA:341,0
DA:350,0
DA:356,0
DA:358,0
DA:359,0
DA:361,0
DA:362,0
DA:363,0
DA:365,0
DA:366,0
DA:367,0
DA:369,0
DA:371,0
DA:372,0
DA:374,0
DA:375,0
DA:376,0
DA:377,0
DA:378,0
DA:383,0
DA:384,0
DA:386,0
DA:387,0
DA:388,0
DA:389,0
DA:392,0
DA:393,0
DA:395,0
DA:396,0
DA:397,0
DA:398,0
DA:407,0
DA:413,0
DA:415,0
DA:416,0
DA:419,0
DA:420,0
DA:421,0
DA:422,0
DA:423,0
DA:426,0
DA:427,0
DA:428,0
DA:430,0
DA:440,0
DA:446,0
DA:447,0
DA:449,0
DA:450,0
DA:451,0
DA:452,0
DA:453,0
DA:454,0
DA:455,0
DA:457,0
DA:458,0
DA:459,0
DA:461,0
DA:462,0
DA:464,0
DA:465,0
DA:466,0
DA:467,0
DA:468,0
DA:469,0
DA:474,0
DA:475,0
DA:476,0
DA:477,0
DA:482,0
DA:489,0
DA:494,0
DA:496,0
DA:497,0
DA:499,0
DA:500,0
DA:502,0
DA:503,0
DA:510,0
DA:512,0
DA:514,0
DA:515,0
DA:516,0
DA:517,0
DA:519,0
DA:520,0
DA:521,0
DA:531,0
DA:534,0
DA:535,0
DA:537,0
DA:538,0
DA:539,0
DA:540,0
DA:541,0
DA:542,0
DA:543,0
DA:545,0
DA:546,0
DA:549,0
DA:550,0
DA:555,0
DA:560,0
DA:564,0
DA:566,0
DA:570,0
DA:571,0
DA:575,0
DA:579,0
DA:580,0
DA:582,0
DA:584,0
DA:591,0
DA:592,0
DA:597,0
DA:599,0
DA:600,0
DA:601,0
DA:602,0
DA:604,0
DA:605,0
DA:606,0
DA:608,0
DA:609,0
DA:610,0
DA:611,0
DA:613,0
DA:614,0
DA:615,0
DA:620,0
DA:623,0
DA:625,0
DA:626,0
DA:628,0
DA:629,0
DA:630,0
DA:631,0
DA:632,0
DA:633,0
DA:634,0
DA:636,0
DA:637,0
DA:638,0
DA:640,0
DA:641,0
DA:642,0
DA:643,0
DA:651,0
DA:652,0
DA:653,0
DA:654,0
DA:655,0
DA:656,0
DA:657,0
DA:660,0
DA:661,0
DA:662,0
DA:674,0
DA:679,0
DA:681,0
DA:682,0
DA:683,0
DA:687,0
DA:688,0
DA:689,0
DA:690,0
DA:694,0
DA:695,0
DA:697,0
DA:698,0
DA:699,0
DA:703,0
DA:704,0
DA:705,0
DA:707,0
DA:708,0
DA:709,0
DA:712,0
DA:713,0
DA:716,0
DA:718,0
DA:731,0
DA:736,0
DA:738,0
DA:740,0
DA:741,0
DA:743,0
DA:747,0
DA:749,0
DA:750,0
DA:751,0
DA:759,0
DA:763,0
DA:765,0
DA:766,0
DA:767,0
DA:769,0
DA:771,0
DA:773,0
DA:774,0
DA:777,0
DA:783,2
DA:785,0
DA:787,0
DA:792,0
DA:819,0
DA:821,0
DA:824,0
DA:826,0
DA:827,0
DA:831,0
DA:832,0
DA:833,0
DA:834,0
DA:836,0
DA:837,0
DA:838,0
DA:839,0
DA:840,0
DA:844,0
DA:849,0
DA:850,0
DA:852,0
DA:853,0
DA:854,0
DA:858,0
DA:859,0
DA:860,0
DA:861,0
DA:862,0
DA:863,0
DA:866,0
DA:876,0
DA:881,0
DA:883,0
DA:884,0
DA:885,0
DA:886,0
DA:887,0
DA:889,0
DA:890,0
DA:892,0
DA:893,0
DA:894,0
DA:899,0
DA:901,0
DA:903,0
DA:905,0
DA:906,0
DA:909,0
DA:911,0
DA:915,0
DA:916,0
DA:917,0
LF:405
LH:2
end_of_record
SF:lib/features/stats/state/stats_controller.dart
DA:25,0
DA:26,0
DA:31,0
DA:33,0
DA:34,0
DA:35,0
DA:36,0
DA:37,0
DA:39,0
DA:42,0
DA:43,0
LF:11
LH:0
end_of_record
SF:lib/features/stats/stats_screen.dart
DA:36,2
DA:38,0
DA:40,0
DA:41,0
DA:42,0
DA:44,0
DA:45,0
DA:46,0
DA:47,0
DA:49,0
DA:50,0
DA:52,0
DA:54,0
DA:55,0
DA:56,0
DA:57,0
DA:58,0
DA:62,0
DA:63,0
DA:64,0
DA:67,0
DA:73,0
DA:74,0
DA:81,0
DA:82,0
DA:85,0
DA:86,0
DA:87,0
DA:88,0
DA:89,0
DA:93,0
DA:94,0
DA:95,0
DA:96,0
DA:97,0
DA:99,0
DA:103,0
DA:115,0
DA:119,0
DA:121,0
DA:122,0
DA:123,0
DA:125,0
DA:126,0
DA:127,0
DA:128,0
DA:129,0
DA:130,0
DA:131,0
DA:132,0
DA:135,0
DA:137,0
DA:138,0
DA:139,0
DA:140,0
DA:141,0
DA:142,0
DA:143,0
DA:144,0
DA:147,0
DA:149,0
DA:151,0
DA:152,0
DA:154,0
DA:155,0
DA:156,0
DA:158,0
DA:162,0
DA:163,0
DA:164,0
DA:166,0
DA:170,0
DA:171,0
DA:172,0
DA:173,0
DA:174,0
DA:183,0
DA:187,0
DA:189,0
DA:192,0
DA:193,0
DA:194,0
DA:195,0
DA:199,0
DA:200,0
DA:203,0
DA:204,0
DA:207,0
DA:209,0
DA:210,0
DA:211,0
DA:212,0
DA:215,0
DA:216,0
DA:218,0
DA:219,0
DA:220,0
DA:221,0
DA:222,0
DA:223,0
DA:224,0
DA:229,0
DA:231,0
DA:232,0
DA:234,0
DA:238,0
DA:240,0
DA:241,0
DA:243,0
DA:247,0
DA:249,0
DA:250,0
DA:251,0
DA:252,0
DA:261,0
DA:264,0
DA:265,0
DA:266,0
DA:267,0
DA:268,0
DA:269,0
LF:121
LH:1
end_of_record
SF:lib/features/stats/widgets/chart_card.dart
DA:25,0
DA:34,0
DA:36,0
DA:37,0
DA:39,0
DA:40,0
DA:41,0
DA:42,0
DA:48,0
DA:50,0
DA:51,0
DA:52,0
DA:53,0
DA:56,0
DA:60,0
LF:15
LH:0
end_of_record
SF:lib/features/stats/widgets/mini_bar_chart.dart
DA:25,0
DA:36,0
DA:39,0
DA:41,0
DA:44,0
DA:46,0
DA:47,0
DA:48,0
DA:50,0
DA:51,0
DA:54,0
DA:59,0
DA:60,0
DA:61,0
DA:63,0
DA:68,0
DA:78,0
DA:80,0
DA:82,0
DA:83,0
DA:85,0
DA:86,0
DA:88,0
DA:89,0
DA:91,0
DA:93,0
DA:96,0
DA:97,0
DA:107,0
DA:108,0
DA:109,0
DA:112,0
DA:117,0
DA:119,0
DA:122,0
DA:131,0
DA:132,0
DA:133,0
DA:135,0
LF:39
LH:0
end_of_record
SF:lib/features/stats/widgets/stat_card.dart
DA:26,0
DA:41,0
DA:43,0
DA:45,0
DA:46,0
DA:48,0
DA:49,0
DA:50,0
DA:51,0
DA:52,0
DA:58,0
DA:60,0
DA:61,0
DA:62,0
DA:63,0
DA:66,0
DA:70,0
DA:73,0
DA:74,0
DA:75,0
DA:76,0
DA:85,0
DA:86,0
DA:87,0
DA:90,0
DA:95,0
DA:97,0
DA:98,0
DA:99,0
DA:102,0
LF:30
LH:0
end_of_record
SF:lib/features/stats/widgets/symptom_frequency_chart.dart
DA:26,0
DA:35,0
DA:37,0
DA:38,0
DA:40,0
DA:41,0
DA:42,0
DA:43,0
DA:45,0
DA:46,0
DA:47,0
DA:48,0
DA:49,0
DA:55,0
DA:56,0
DA:57,0
DA:58,0
DA:59,0
DA:60,0
DA:61,0
DA:62,0
DA:68,0
DA:70,0
DA:71,0
DA:72,0
DA:73,0
DA:74,0
DA:75,0
DA:76,0
DA:77,0
DA:78,0
DA:79,0
DA:80,0
DA:81,0
DA:82,0
DA:83,0
DA:84,0
DA:91,0
DA:103,0
DA:105,0
DA:106,0
DA:108,0
DA:109,0
DA:110,0
DA:111,0
DA:112,0
DA:114,0
DA:115,0
DA:117,0
DA:118,0
DA:119,0
DA:120,0
DA:121,0
DA:125,0
DA:126,0
DA:127,0
DA:128,0
DA:135,0
DA:137,0
DA:138,0
DA:139,0
DA:141,0
DA:143,0
DA:145,0
DA:147,0
DA:148,0
DA:149,0
LF:67
LH:0
end_of_record
SF:lib/features/timeline/state/timeline_controller.dart
DA:25,0
DA:26,0
DA:31,0
DA:33,0
DA:34,0
DA:35,0
DA:36,0
DA:37,0
DA:39,0
DA:42,0
DA:43,0
LF:11
LH:0
end_of_record
SF:lib/features/timeline/timeline_screen.dart
DA:32,2
DA:34,0
DA:35,0
DA:41,0
DA:43,0
DA:44,0
DA:45,0
DA:47,0
DA:48,0
DA:49,0
DA:50,0
DA:52,0
DA:53,0
DA:55,0
DA:57,0
DA:58,0
DA:60,0
DA:61,0
DA:62,0
DA:63,0
DA:65,0
DA:66,0
DA:67,0
DA:72,0
DA:73,0
DA:74,0
DA:75,0
DA:76,0
DA:80,0
DA:81,0
DA:82,0
DA:83,0
DA:86,0
DA:87,0
DA:88,0
LF:35
LH:1
end_of_record
SF:lib/features/timeline/widgets/table_view.dart
DA:28,0
DA:32,0
DA:34,0
DA:35,0
DA:37,0
DA:39,0
DA:40,0
DA:41,0
DA:42,0
DA:50,0
DA:54,0
DA:56,0
DA:57,0
DA:58,0
DA:62,0
DA:66,0
DA:69,0
DA:70,0
DA:71,0
DA:73,0
DA:74,0
DA:75,0
DA:80,0
DA:81,0
DA:86,0
DA:87,0
DA:92,0
DA:93,0
DA:104,0
DA:108,0
DA:110,0
DA:111,0
DA:112,0
DA:114,0
DA:115,0
DA:117,0
DA:118,0
DA:120,0
DA:122,0
DA:124,0
DA:127,0
DA:128,0
DA:129,0
DA:130,0
DA:132,0
DA:133,0
DA:139,0
DA:140,0
DA:145,0
DA:146,0
DA:151,0
DA:152,0
DA:161,0
DA:163,0
DA:165,0
DA:167,0
DA:169,0
DA:171,0
DA:179,0
DA:191,0
DA:193,0
DA:194,0
DA:195,0
DA:197,0
DA:199,0
DA:201,0
DA:208,2
DA:210,0
DA:212,0
DA:213,0
DA:214,0
DA:215,0
DA:217,0
DA:218,0
DA:220,0
DA:222,0
LF:76
LH:1
end_of_record
SF:lib/features/timeline/widgets/timeline_view.dart
DA:27,0
DA:31,0
DA:33,0
DA:34,0
DA:36,0
DA:37,0
DA:38,0
DA:39,0
DA:40,0
DA:47,2
DA:49,0
DA:51,0
DA:52,0
DA:53,0
DA:54,0
DA:56,0
DA:57,0
DA:59,0
DA:60,0
LF:19
LH:1
end_of_record
SF:lib/features/timeline/widgets/timeline_card.dart
DA:32,0
DA:37,0
DA:39,0
DA:40,0
DA:42,0
DA:43,0
DA:45,0
DA:53,0
DA:57,0
DA:59,0
DA:60,0
DA:62,0
DA:64,0
DA:66,0
DA:69,0
DA:71,0
DA:74,0
DA:75,0
DA:76,0
DA:79,0
DA:89,0
DA:93,0
DA:95,0
DA:96,0
DA:99,0
DA:100,0
DA:101,0
DA:102,0
DA:103,0
DA:106,0
DA:108,0
DA:109,0
DA:111,0
DA:112,0
DA:120,0
DA:124,0
DA:126,0
DA:127,0
DA:128,0
DA:129,0
DA:131,0
DA:132,0
DA:134,0
DA:136,0
DA:140,0
DA:141,0
DA:143,0
DA:144,0
DA:147,0
DA:149,0
DA:151,0
DA:160,0
DA:164,0
DA:166,0
DA:167,0
DA:168,0
DA:169,0
DA:170,0
DA:171,0
DA:172,0
DA:173,0
DA:174,0
DA:177,0
DA:186,0
DA:190,0
DA:192,0
DA:193,0
DA:194,0
DA:196,0
DA:198,0
DA:199,0
DA:203,0
DA:204,0
DA:205,0
DA:206,0
DA:207,0
DA:212,0
DA:217,0
DA:219,0
DA:220,0
DA:221,0
DA:222,0
DA:223,0
DA:225,0
DA:227,0
DA:229,0
DA:236,0
DA:241,0
DA:243,0
DA:244,0
DA:246,0
DA:247,0
DA:248,0
DA:249,0
DA:253,0
DA:254,0
DA:255,0
DA:256,0
DA:257,0
DA:258,0
DA:259,0
DA:260,0
DA:261,0
DA:262,0
DA:263,0
DA:264,0
DA:269,0
DA:283,0
DA:285,0
DA:288,0
DA:289,0
DA:290,0
DA:292,0
DA:294,0
DA:295,0
DA:297,0
DA:298,0
DA:299,0
DA:308,0
DA:312,0
DA:314,0
DA:315,0
DA:316,0
DA:318,0
DA:321,0
DA:322,0
DA:324,0
DA:326,0
DA:328,0
DA:330,0
LF:130
LH:0
end_of_record
SF:lib/l10n/app_localizations_en.dart
DA:9,0
DA:11,0
DA:14,0
DA:17,0
DA:20,0
DA:23,0
DA:26,0
DA:29,0
DA:32,0
DA:35,0
DA:38,0
DA:41,0
DA:44,0
DA:47,0
DA:50,0
DA:53,0
DA:56,0
DA:59,0
DA:62,0
DA:65,0
DA:68,0
DA:71,0
DA:74,0
DA:77,0
DA:80,0
DA:83,0
DA:86,0
DA:89,0
DA:92,0
DA:95,0
DA:98,0
DA:101,0
DA:104,0
DA:107,0
DA:110,0
DA:113,0
DA:116,0
DA:120,0
DA:122,0
DA:125,0
DA:128,0
DA:131,0
DA:134,0
DA:138,0
DA:141,0
DA:144,0
DA:147,0
DA:150,0
DA:153,0
DA:156,0
DA:159,0
DA:161,0
DA:164,0
DA:167,0
DA:170,0
DA:173,0
DA:176,0
DA:179,0
DA:182,0
DA:185,0
DA:188,0
DA:191,0
DA:194,0
DA:197,0
DA:200,0
DA:203,0
DA:206,0
DA:209,0
DA:212,0
DA:215,0
DA:218,0
DA:221,0
DA:224,0
DA:227,0
DA:230,0
DA:232,0
DA:234,0
DA:235,0
DA:238,0
DA:241,0
DA:244,0
DA:247,0
DA:250,0
DA:253,0
DA:257,0
DA:260,0
DA:263,0
DA:265,0
DA:268,0
DA:270,0
DA:273,0
DA:275,0
DA:278,0
DA:280,0
DA:283,0
DA:285,0
DA:288,0
DA:290,0
DA:293,0
DA:296,0
DA:299,0
DA:301,0
DA:304,0
DA:306,0
DA:309,0
DA:311,0
DA:314,0
DA:317,0
DA:319,0
DA:322,0
DA:324,0
DA:327,0
DA:330,0
DA:333,0
DA:336,0
DA:339,0
DA:342,0
DA:345,0
DA:348,0
DA:351,0
DA:354,0
DA:357,0
DA:359,0
DA:362,0
DA:365,0
DA:368,0
DA:370,0
DA:373,0
DA:376,0
DA:379,0
DA:382,0
DA:385,0
DA:388,0
DA:391,0
DA:394,0
DA:397,0
DA:400,0
DA:403,0
DA:406,0
DA:409,0
DA:412,0
DA:416,0
DA:419,0
DA:421,0
DA:424,0
DA:427,0
DA:430,0
DA:433,0
DA:436,0
DA:439,0
DA:442,0
DA:444,0
DA:447,0
DA:449,0
DA:452,0
DA:455,0
DA:459,0
DA:462,0
DA:464,0
DA:467,0
DA:470,0
DA:472,0
DA:475,0
DA:478,0
DA:481,0
DA:484,0
DA:487,0
DA:490,0
DA:493,0
DA:497,0
DA:500,0
DA:503,0
DA:506,0
DA:510,0
DA:514,0
DA:517,0
DA:521,0
DA:524,0
DA:527,0
DA:531,0
DA:534,0
DA:538,0
DA:541,0
DA:544,0
DA:547,0
DA:551,0
DA:554,0
DA:557,0
DA:561,0
DA:565,0
DA:569,0
DA:572,0
DA:575,0
DA:578,0
DA:580,0
DA:583,0
DA:586,0
DA:590,0
DA:593,0
DA:596,0
DA:599,0
DA:602,0
DA:605,0
DA:608,0
DA:611,0
DA:614,0
DA:617,0
DA:620,0
DA:623,0
DA:626,0
DA:629,0
DA:632,0
DA:635,0
DA:639,0
DA:642,0
DA:645,0
DA:648,0
DA:651,0
DA:654,0
DA:657,0
DA:660,0
DA:663,0
DA:666,0
DA:669,0
DA:672,0
DA:675,0
DA:678,0
DA:681,0
DA:684,0
DA:687,0
DA:690,0
DA:693,0
DA:696,0
DA:699,0
DA:701,0
LF:235
LH:0
end_of_record
SF:lib/l10n/app_localizations_it.dart
DA:9,0
DA:11,0
DA:14,0
DA:17,0
DA:20,0
DA:23,0
DA:26,0
DA:29,0
DA:32,0
DA:35,0
DA:38,0
DA:41,0
DA:44,0
DA:47,0
DA:50,0
DA:53,0
DA:56,0
DA:59,0
DA:62,0
DA:65,0
DA:68,0
DA:71,0
DA:74,0
DA:77,0
DA:80,0
DA:83,0
DA:86,0
DA:89,0
DA:92,0
DA:95,0
DA:98,0
DA:101,0
DA:104,0
DA:107,0
DA:110,0
DA:113,0
DA:116,0
DA:120,0
DA:122,0
DA:125,0
DA:128,0
DA:131,0
DA:134,0
DA:138,0
DA:141,0
DA:144,0
DA:147,0
DA:150,0
DA:153,0
DA:156,0
DA:159,0
DA:161,0
DA:164,0
DA:167,0
DA:170,0
DA:173,0
DA:176,0
DA:179,0
DA:182,0
DA:185,0
DA:188,0
DA:191,0
DA:194,0
DA:197,0
DA:200,0
DA:203,0
DA:206,0
DA:209,0
DA:212,0
DA:215,0
DA:218,0
DA:221,0
DA:224,0
DA:227,0
DA:230,0
DA:232,0
DA:234,0
DA:235,0
DA:238,0
DA:241,0
DA:244,0
DA:247,0
DA:250,0
DA:253,0
DA:257,0
DA:260,0
DA:263,0
DA:265,0
DA:268,0
DA:270,0
DA:273,0
DA:275,0
DA:278,0
DA:280,0
DA:283,0
DA:285,0
DA:288,0
DA:290,0
DA:293,0
DA:297,0
DA:300,0
DA:302,0
DA:305,0
DA:307,0
DA:310,0
DA:312,0
DA:315,0
DA:318,0
DA:320,0
DA:323,0
DA:325,0
DA:328,0
DA:331,0
DA:334,0
DA:337,0
DA:340,0
DA:343,0
DA:346,0
DA:349,0
DA:352,0
DA:355,0
DA:358,0
DA:360,0
DA:363,0
DA:366,0
DA:369,0
DA:371,0
DA:374,0
DA:377,0
DA:380,0
DA:383,0
DA:386,0
DA:389,0
DA:392,0
DA:395,0
DA:398,0
DA:401,0
DA:404,0
DA:407,0
DA:410,0
DA:413,0
DA:417,0
DA:420,0
DA:422,0
DA:425,0
DA:428,0
DA:431,0
DA:434,0
DA:437,0
DA:440,0
DA:443,0
DA:445,0
DA:448,0
DA:450,0
DA:453,0
DA:456,0
DA:460,0
DA:463,0
DA:465,0
DA:468,0
DA:471,0
DA:473,0
DA:476,0
DA:479,0
DA:482,0
DA:485,0
DA:488,0
DA:491,0
DA:494,0
DA:498,0
DA:501,0
DA:504,0
DA:507,0
DA:511,0
DA:515,0
DA:518,0
DA:522,0
DA:525,0
DA:528,0
DA:532,0
DA:535,0
DA:538,0
DA:541,0
DA:545,0
DA:548,0
DA:552,0
DA:555,0
DA:558,0
DA:562,0
DA:566,0
DA:570,0
DA:573,0
DA:576,0
DA:579,0
DA:581,0
DA:584,0
DA:587,0
DA:591,0
DA:594,0
DA:597,0
DA:600,0
DA:603,0
DA:606,0
DA:609,0
DA:612,0
DA:615,0
DA:618,0
DA:621,0
DA:624,0
DA:627,0
DA:630,0
DA:633,0
DA:636,0
DA:640,0
DA:643,0
DA:646,0
DA:649,0
DA:652,0
DA:655,0
DA:658,0
DA:661,0
DA:664,0
DA:667,0
DA:670,0
DA:673,0
DA:676,0
DA:679,0
DA:682,0
DA:685,0
DA:688,0
DA:691,0
DA:694,0
DA:697,0
DA:700,0
DA:702,0
LF:235
LH:0
end_of_record
